DEPRECATION WARNING: You didn't set `secret_key_base`. Read the upgrade documentation to learn more about this new config option. (called from service at /usr/local/lib/ruby/2.2.0/webrick/httpserver.rb:138)


Started GET "/assets/rails.png" for 127.0.0.1 at 2015-06-16 15:06:55 -0700

NoMethodError (undefined method `whitelist_attributes=' for #<Class:0x007ff66c027938>):
  activerecord (4.2.1) lib/active_record/dynamic_matchers.rb:26:in `method_missing'
  activerecord (4.2.1) lib/active_record/railtie.rb:108:in `block (3 levels) in <class:Railtie>'
  activerecord (4.2.1) lib/active_record/railtie.rb:107:in `each'
  activerecord (4.2.1) lib/active_record/railtie.rb:107:in `block (2 levels) in <class:Railtie>'
  activesupport (4.2.1) lib/active_support/lazy_load_hooks.rb:38:in `instance_eval'
  activesupport (4.2.1) lib/active_support/lazy_load_hooks.rb:38:in `execute_hook'
  activesupport (4.2.1) lib/active_support/lazy_load_hooks.rb:45:in `block in run_load_hooks'
  activesupport (4.2.1) lib/active_support/lazy_load_hooks.rb:44:in `each'
  activesupport (4.2.1) lib/active_support/lazy_load_hooks.rb:44:in `run_load_hooks'
  activerecord (4.2.1) lib/active_record/base.rb:316:in `<module:ActiveRecord>'
  activerecord (4.2.1) lib/active_record/base.rb:26:in `<top (required)>'
  activerecord (4.2.1) lib/active_record/connection_adapters/abstract/connection_pool.rb:656:in `rescue in call'
  activerecord (4.2.1) lib/active_record/connection_adapters/abstract/connection_pool.rb:647:in `call'
  actionpack (4.2.1) lib/action_dispatch/middleware/callbacks.rb:29:in `block in call'
  activesupport (4.2.1) lib/active_support/callbacks.rb:88:in `call'
  activesupport (4.2.1) lib/active_support/callbacks.rb:88:in `_run_callbacks'
  activesupport (4.2.1) lib/active_support/callbacks.rb:776:in `_run_call_callbacks'
  activesupport (4.2.1) lib/active_support/callbacks.rb:81:in `run_callbacks'
  actionpack (4.2.1) lib/action_dispatch/middleware/callbacks.rb:27:in `call'
  actionpack (4.2.1) lib/action_dispatch/middleware/reloader.rb:73:in `call'
  actionpack (4.2.1) lib/action_dispatch/middleware/remote_ip.rb:78:in `call'
  actionpack (4.2.1) lib/action_dispatch/middleware/debug_exceptions.rb:17:in `call'
  actionpack (4.2.1) lib/action_dispatch/middleware/show_exceptions.rb:30:in `call'
  railties (4.2.1) lib/rails/rack/logger.rb:38:in `call_app'
  railties (4.2.1) lib/rails/rack/logger.rb:20:in `block in call'
  activesupport (4.2.1) lib/active_support/tagged_logging.rb:68:in `block in tagged'
  activesupport (4.2.1) lib/active_support/tagged_logging.rb:26:in `tagged'
  activesupport (4.2.1) lib/active_support/tagged_logging.rb:68:in `tagged'
  railties (4.2.1) lib/rails/rack/logger.rb:20:in `call'
  actionpack (4.2.1) lib/action_dispatch/middleware/request_id.rb:21:in `call'
  rack (1.6.2) lib/rack/methodoverride.rb:22:in `call'
  rack (1.6.2) lib/rack/runtime.rb:18:in `call'
  activesupport (4.2.1) lib/active_support/cache/strategy/local_cache_middleware.rb:28:in `call'
  rack (1.6.2) lib/rack/lock.rb:17:in `call'
  actionpack (4.2.1) lib/action_dispatch/middleware/static.rb:113:in `call'
  rack (1.6.2) lib/rack/sendfile.rb:113:in `call'
  railties (4.2.1) lib/rails/engine.rb:518:in `call'
  railties (4.2.1) lib/rails/application.rb:164:in `call'
  rack (1.6.2) lib/rack/lock.rb:17:in `call'
  rack (1.6.2) lib/rack/content_length.rb:15:in `call'
  rack (1.6.2) lib/rack/handler/webrick.rb:88:in `service'
  /usr/local/lib/ruby/2.2.0/webrick/httpserver.rb:138:in `service'
  /usr/local/lib/ruby/2.2.0/webrick/httpserver.rb:94:in `run'
  /usr/local/lib/ruby/2.2.0/webrick/server.rb:294:in `block in start_thread'


  Rendered /usr/local/lib/ruby/gems/2.2.0/gems/actionpack-4.2.1/lib/action_dispatch/middleware/templates/rescues/_source.erb (2.8ms)
  Rendered /usr/local/lib/ruby/gems/2.2.0/gems/actionpack-4.2.1/lib/action_dispatch/middleware/templates/rescues/_trace.html.erb (1.6ms)
  Rendered /usr/local/lib/ruby/gems/2.2.0/gems/actionpack-4.2.1/lib/action_dispatch/middleware/templates/rescues/_request_and_response.html.erb (0.7ms)
  Rendered /usr/local/lib/ruby/gems/2.2.0/gems/actionpack-4.2.1/lib/action_dispatch/middleware/templates/rescues/diagnostics.html.erb within rescues/layout (19.4ms)
DEPRECATION WARNING: You didn't set `secret_key_base`. Read the upgrade documentation to learn more about this new config option. (called from service at /usr/local/lib/ruby/2.2.0/webrick/httpserver.rb:138)


Started GET "/movies" for 127.0.0.1 at 2015-06-16 15:11:39 -0700

NoMethodError (undefined method `whitelist_attributes=' for #<Class:0x007fc25d2ee650>):
  activerecord (4.2.1) lib/active_record/dynamic_matchers.rb:26:in `method_missing'
  activerecord (4.2.1) lib/active_record/railtie.rb:108:in `block (3 levels) in <class:Railtie>'
  activerecord (4.2.1) lib/active_record/railtie.rb:107:in `each'
  activerecord (4.2.1) lib/active_record/railtie.rb:107:in `block (2 levels) in <class:Railtie>'
  activesupport (4.2.1) lib/active_support/lazy_load_hooks.rb:38:in `instance_eval'
  activesupport (4.2.1) lib/active_support/lazy_load_hooks.rb:38:in `execute_hook'
  activesupport (4.2.1) lib/active_support/lazy_load_hooks.rb:45:in `block in run_load_hooks'
  activesupport (4.2.1) lib/active_support/lazy_load_hooks.rb:44:in `each'
  activesupport (4.2.1) lib/active_support/lazy_load_hooks.rb:44:in `run_load_hooks'
  activerecord (4.2.1) lib/active_record/base.rb:316:in `<module:ActiveRecord>'
  activerecord (4.2.1) lib/active_record/base.rb:26:in `<top (required)>'
  activerecord (4.2.1) lib/active_record/connection_adapters/abstract/connection_pool.rb:656:in `rescue in call'
  activerecord (4.2.1) lib/active_record/connection_adapters/abstract/connection_pool.rb:647:in `call'
  actionpack (4.2.1) lib/action_dispatch/middleware/callbacks.rb:29:in `block in call'
  activesupport (4.2.1) lib/active_support/callbacks.rb:88:in `call'
  activesupport (4.2.1) lib/active_support/callbacks.rb:88:in `_run_callbacks'
  activesupport (4.2.1) lib/active_support/callbacks.rb:776:in `_run_call_callbacks'
  activesupport (4.2.1) lib/active_support/callbacks.rb:81:in `run_callbacks'
  actionpack (4.2.1) lib/action_dispatch/middleware/callbacks.rb:27:in `call'
  actionpack (4.2.1) lib/action_dispatch/middleware/reloader.rb:73:in `call'
  actionpack (4.2.1) lib/action_dispatch/middleware/remote_ip.rb:78:in `call'
  actionpack (4.2.1) lib/action_dispatch/middleware/debug_exceptions.rb:17:in `call'
  actionpack (4.2.1) lib/action_dispatch/middleware/show_exceptions.rb:30:in `call'
  railties (4.2.1) lib/rails/rack/logger.rb:38:in `call_app'
  railties (4.2.1) lib/rails/rack/logger.rb:20:in `block in call'
  activesupport (4.2.1) lib/active_support/tagged_logging.rb:68:in `block in tagged'
  activesupport (4.2.1) lib/active_support/tagged_logging.rb:26:in `tagged'
  activesupport (4.2.1) lib/active_support/tagged_logging.rb:68:in `tagged'
  railties (4.2.1) lib/rails/rack/logger.rb:20:in `call'
  actionpack (4.2.1) lib/action_dispatch/middleware/request_id.rb:21:in `call'
  rack (1.6.2) lib/rack/methodoverride.rb:22:in `call'
  rack (1.6.2) lib/rack/runtime.rb:18:in `call'
  activesupport (4.2.1) lib/active_support/cache/strategy/local_cache_middleware.rb:28:in `call'
  rack (1.6.2) lib/rack/lock.rb:17:in `call'
  actionpack (4.2.1) lib/action_dispatch/middleware/static.rb:113:in `call'
  rack (1.6.2) lib/rack/sendfile.rb:113:in `call'
  railties (4.2.1) lib/rails/engine.rb:518:in `call'
  railties (4.2.1) lib/rails/application.rb:164:in `call'
  rack (1.6.2) lib/rack/lock.rb:17:in `call'
  rack (1.6.2) lib/rack/content_length.rb:15:in `call'
  rack (1.6.2) lib/rack/handler/webrick.rb:88:in `service'
  /usr/local/lib/ruby/2.2.0/webrick/httpserver.rb:138:in `service'
  /usr/local/lib/ruby/2.2.0/webrick/httpserver.rb:94:in `run'
  /usr/local/lib/ruby/2.2.0/webrick/server.rb:294:in `block in start_thread'


  Rendered /usr/local/lib/ruby/gems/2.2.0/gems/actionpack-4.2.1/lib/action_dispatch/middleware/templates/rescues/_source.erb (2.5ms)
  Rendered /usr/local/lib/ruby/gems/2.2.0/gems/actionpack-4.2.1/lib/action_dispatch/middleware/templates/rescues/_trace.html.erb (1.5ms)
  Rendered /usr/local/lib/ruby/gems/2.2.0/gems/actionpack-4.2.1/lib/action_dispatch/middleware/templates/rescues/_request_and_response.html.erb (0.7ms)
  Rendered /usr/local/lib/ruby/gems/2.2.0/gems/actionpack-4.2.1/lib/action_dispatch/middleware/templates/rescues/diagnostics.html.erb within rescues/layout (16.4ms)
DEPRECATION WARNING: You didn't set `secret_key_base`. Read the upgrade documentation to learn more about this new config option. (called from service at /usr/local/lib/ruby/2.2.0/webrick/httpserver.rb:138)


Started GET "/movies" for 127.0.0.1 at 2015-06-16 21:43:58 -0700

NoMethodError (undefined method `whitelist_attributes=' for #<Class:0x007f7b289d2ab0>):
  activerecord (4.2.1) lib/active_record/dynamic_matchers.rb:26:in `method_missing'
  activerecord (4.2.1) lib/active_record/railtie.rb:108:in `block (3 levels) in <class:Railtie>'
  activerecord (4.2.1) lib/active_record/railtie.rb:107:in `each'
  activerecord (4.2.1) lib/active_record/railtie.rb:107:in `block (2 levels) in <class:Railtie>'
  activesupport (4.2.1) lib/active_support/lazy_load_hooks.rb:38:in `instance_eval'
  activesupport (4.2.1) lib/active_support/lazy_load_hooks.rb:38:in `execute_hook'
  activesupport (4.2.1) lib/active_support/lazy_load_hooks.rb:45:in `block in run_load_hooks'
  activesupport (4.2.1) lib/active_support/lazy_load_hooks.rb:44:in `each'
  activesupport (4.2.1) lib/active_support/lazy_load_hooks.rb:44:in `run_load_hooks'
  activerecord (4.2.1) lib/active_record/base.rb:316:in `<module:ActiveRecord>'
  activerecord (4.2.1) lib/active_record/base.rb:26:in `<top (required)>'
  activerecord (4.2.1) lib/active_record/connection_adapters/abstract/connection_pool.rb:656:in `rescue in call'
  activerecord (4.2.1) lib/active_record/connection_adapters/abstract/connection_pool.rb:647:in `call'
  actionpack (4.2.1) lib/action_dispatch/middleware/callbacks.rb:29:in `block in call'
  activesupport (4.2.1) lib/active_support/callbacks.rb:88:in `call'
  activesupport (4.2.1) lib/active_support/callbacks.rb:88:in `_run_callbacks'
  activesupport (4.2.1) lib/active_support/callbacks.rb:776:in `_run_call_callbacks'
  activesupport (4.2.1) lib/active_support/callbacks.rb:81:in `run_callbacks'
  actionpack (4.2.1) lib/action_dispatch/middleware/callbacks.rb:27:in `call'
  actionpack (4.2.1) lib/action_dispatch/middleware/reloader.rb:73:in `call'
  actionpack (4.2.1) lib/action_dispatch/middleware/remote_ip.rb:78:in `call'
  actionpack (4.2.1) lib/action_dispatch/middleware/debug_exceptions.rb:17:in `call'
  actionpack (4.2.1) lib/action_dispatch/middleware/show_exceptions.rb:30:in `call'
  railties (4.2.1) lib/rails/rack/logger.rb:38:in `call_app'
  railties (4.2.1) lib/rails/rack/logger.rb:20:in `block in call'
  activesupport (4.2.1) lib/active_support/tagged_logging.rb:68:in `block in tagged'
  activesupport (4.2.1) lib/active_support/tagged_logging.rb:26:in `tagged'
  activesupport (4.2.1) lib/active_support/tagged_logging.rb:68:in `tagged'
  railties (4.2.1) lib/rails/rack/logger.rb:20:in `call'
  actionpack (4.2.1) lib/action_dispatch/middleware/request_id.rb:21:in `call'
  rack (1.6.2) lib/rack/methodoverride.rb:22:in `call'
  rack (1.6.2) lib/rack/runtime.rb:18:in `call'
  activesupport (4.2.1) lib/active_support/cache/strategy/local_cache_middleware.rb:28:in `call'
  rack (1.6.2) lib/rack/lock.rb:17:in `call'
  actionpack (4.2.1) lib/action_dispatch/middleware/static.rb:113:in `call'
  rack (1.6.2) lib/rack/sendfile.rb:113:in `call'
  railties (4.2.1) lib/rails/engine.rb:518:in `call'
  railties (4.2.1) lib/rails/application.rb:164:in `call'
  rack (1.6.2) lib/rack/lock.rb:17:in `call'
  rack (1.6.2) lib/rack/content_length.rb:15:in `call'
  rack (1.6.2) lib/rack/handler/webrick.rb:88:in `service'
  /usr/local/lib/ruby/2.2.0/webrick/httpserver.rb:138:in `service'
  /usr/local/lib/ruby/2.2.0/webrick/httpserver.rb:94:in `run'
  /usr/local/lib/ruby/2.2.0/webrick/server.rb:294:in `block in start_thread'


  Rendered /usr/local/lib/ruby/gems/2.2.0/gems/actionpack-4.2.1/lib/action_dispatch/middleware/templates/rescues/_source.erb (3.1ms)
  Rendered /usr/local/lib/ruby/gems/2.2.0/gems/actionpack-4.2.1/lib/action_dispatch/middleware/templates/rescues/_trace.html.erb (1.7ms)
  Rendered /usr/local/lib/ruby/gems/2.2.0/gems/actionpack-4.2.1/lib/action_dispatch/middleware/templates/rescues/_request_and_response.html.erb (0.8ms)
  Rendered /usr/local/lib/ruby/gems/2.2.0/gems/actionpack-4.2.1/lib/action_dispatch/middleware/templates/rescues/diagnostics.html.erb within rescues/layout (20.4ms)
DEPRECATION WARNING: You didn't set `secret_key_base`. Read the upgrade documentation to learn more about this new config option. (called from service at /home/saasbook/.rvm/rubies/ruby-2.2.2/lib/ruby/2.2.0/webrick/httpserver.rb:138)


Started GET "/assets/rails.png" for 127.0.0.1 at 2015-06-23 19:51:59 -0300

NoMethodError (undefined method `whitelist_attributes=' for #<Class:0xb231cb0>):
  activerecord (4.2.1) lib/active_record/dynamic_matchers.rb:26:in `method_missing'
  activerecord (4.2.1) lib/active_record/railtie.rb:108:in `block (3 levels) in <class:Railtie>'
  activerecord (4.2.1) lib/active_record/railtie.rb:107:in `each'
  activerecord (4.2.1) lib/active_record/railtie.rb:107:in `block (2 levels) in <class:Railtie>'
  activesupport (4.2.1) lib/active_support/lazy_load_hooks.rb:38:in `instance_eval'
  activesupport (4.2.1) lib/active_support/lazy_load_hooks.rb:38:in `execute_hook'
  activesupport (4.2.1) lib/active_support/lazy_load_hooks.rb:45:in `block in run_load_hooks'
  activesupport (4.2.1) lib/active_support/lazy_load_hooks.rb:44:in `each'
  activesupport (4.2.1) lib/active_support/lazy_load_hooks.rb:44:in `run_load_hooks'
  activerecord (4.2.1) lib/active_record/base.rb:316:in `<module:ActiveRecord>'
  activerecord (4.2.1) lib/active_record/base.rb:26:in `<top (required)>'
  activerecord (4.2.1) lib/active_record/connection_adapters/abstract/connection_pool.rb:656:in `rescue in call'
  activerecord (4.2.1) lib/active_record/connection_adapters/abstract/connection_pool.rb:647:in `call'
  actionpack (4.2.1) lib/action_dispatch/middleware/callbacks.rb:29:in `block in call'
  activesupport (4.2.1) lib/active_support/callbacks.rb:88:in `call'
  activesupport (4.2.1) lib/active_support/callbacks.rb:88:in `_run_callbacks'
  activesupport (4.2.1) lib/active_support/callbacks.rb:776:in `_run_call_callbacks'
  activesupport (4.2.1) lib/active_support/callbacks.rb:81:in `run_callbacks'
  actionpack (4.2.1) lib/action_dispatch/middleware/callbacks.rb:27:in `call'
  actionpack (4.2.1) lib/action_dispatch/middleware/reloader.rb:73:in `call'
  actionpack (4.2.1) lib/action_dispatch/middleware/remote_ip.rb:78:in `call'
  actionpack (4.2.1) lib/action_dispatch/middleware/debug_exceptions.rb:17:in `call'
  actionpack (4.2.1) lib/action_dispatch/middleware/show_exceptions.rb:30:in `call'
  railties (4.2.1) lib/rails/rack/logger.rb:38:in `call_app'
  railties (4.2.1) lib/rails/rack/logger.rb:20:in `block in call'
  activesupport (4.2.1) lib/active_support/tagged_logging.rb:68:in `block in tagged'
  activesupport (4.2.1) lib/active_support/tagged_logging.rb:26:in `tagged'
  activesupport (4.2.1) lib/active_support/tagged_logging.rb:68:in `tagged'
  railties (4.2.1) lib/rails/rack/logger.rb:20:in `call'
  actionpack (4.2.1) lib/action_dispatch/middleware/request_id.rb:21:in `call'
  rack (1.6.2) lib/rack/methodoverride.rb:22:in `call'
  rack (1.6.2) lib/rack/runtime.rb:18:in `call'
  activesupport (4.2.1) lib/active_support/cache/strategy/local_cache_middleware.rb:28:in `call'
  rack (1.6.2) lib/rack/lock.rb:17:in `call'
  actionpack (4.2.1) lib/action_dispatch/middleware/static.rb:113:in `call'
  rack (1.6.2) lib/rack/sendfile.rb:113:in `call'
  railties (4.2.1) lib/rails/engine.rb:518:in `call'
  railties (4.2.1) lib/rails/application.rb:164:in `call'
  rack (1.6.2) lib/rack/lock.rb:17:in `call'
  rack (1.6.2) lib/rack/content_length.rb:15:in `call'
  rack (1.6.2) lib/rack/handler/webrick.rb:88:in `service'
  /home/saasbook/.rvm/rubies/ruby-2.2.2/lib/ruby/2.2.0/webrick/httpserver.rb:138:in `service'
  /home/saasbook/.rvm/rubies/ruby-2.2.2/lib/ruby/2.2.0/webrick/httpserver.rb:94:in `run'
  /home/saasbook/.rvm/rubies/ruby-2.2.2/lib/ruby/2.2.0/webrick/server.rb:294:in `block in start_thread'


  Rendered /home/saasbook/.rvm/gems/ruby-2.2.2/gems/actionpack-4.2.1/lib/action_dispatch/middleware/templates/rescues/_source.erb (3.5ms)
  Rendered /home/saasbook/.rvm/gems/ruby-2.2.2/gems/actionpack-4.2.1/lib/action_dispatch/middleware/templates/rescues/_trace.html.erb (2.6ms)
  Rendered /home/saasbook/.rvm/gems/ruby-2.2.2/gems/actionpack-4.2.1/lib/action_dispatch/middleware/templates/rescues/_request_and_response.html.erb (0.8ms)
  Rendered /home/saasbook/.rvm/gems/ruby-2.2.2/gems/actionpack-4.2.1/lib/action_dispatch/middleware/templates/rescues/diagnostics.html.erb within rescues/layout (56.2ms)


Started GET "/assets/rails.png" for 127.0.0.1 at 2015-06-23 19:52:17 -0300

NoMethodError (undefined method `whitelist_attributes=' for #<Class:0xb231cb0>):
  activerecord (4.2.1) lib/active_record/dynamic_matchers.rb:26:in `method_missing'
  activerecord (4.2.1) lib/active_record/railtie.rb:108:in `block (3 levels) in <class:Railtie>'
  activerecord (4.2.1) lib/active_record/railtie.rb:107:in `each'
  activerecord (4.2.1) lib/active_record/railtie.rb:107:in `block (2 levels) in <class:Railtie>'
  activesupport (4.2.1) lib/active_support/lazy_load_hooks.rb:38:in `instance_eval'
  activesupport (4.2.1) lib/active_support/lazy_load_hooks.rb:38:in `execute_hook'
  activesupport (4.2.1) lib/active_support/lazy_load_hooks.rb:45:in `block in run_load_hooks'
  activesupport (4.2.1) lib/active_support/lazy_load_hooks.rb:44:in `each'
  activesupport (4.2.1) lib/active_support/lazy_load_hooks.rb:44:in `run_load_hooks'
  activerecord (4.2.1) lib/active_record/base.rb:316:in `<module:ActiveRecord>'
  activerecord (4.2.1) lib/active_record/base.rb:26:in `<top (required)>'
  activerecord (4.2.1) lib/active_record/connection_adapters/abstract/connection_pool.rb:656:in `rescue in call'
  activerecord (4.2.1) lib/active_record/connection_adapters/abstract/connection_pool.rb:647:in `call'
  actionpack (4.2.1) lib/action_dispatch/middleware/callbacks.rb:29:in `block in call'
  activesupport (4.2.1) lib/active_support/callbacks.rb:88:in `call'
  activesupport (4.2.1) lib/active_support/callbacks.rb:88:in `_run_callbacks'
  activesupport (4.2.1) lib/active_support/callbacks.rb:776:in `_run_call_callbacks'
  activesupport (4.2.1) lib/active_support/callbacks.rb:81:in `run_callbacks'
  actionpack (4.2.1) lib/action_dispatch/middleware/callbacks.rb:27:in `call'
  actionpack (4.2.1) lib/action_dispatch/middleware/reloader.rb:73:in `call'
  actionpack (4.2.1) lib/action_dispatch/middleware/remote_ip.rb:78:in `call'
  actionpack (4.2.1) lib/action_dispatch/middleware/debug_exceptions.rb:17:in `call'
  actionpack (4.2.1) lib/action_dispatch/middleware/show_exceptions.rb:30:in `call'
  railties (4.2.1) lib/rails/rack/logger.rb:38:in `call_app'
  railties (4.2.1) lib/rails/rack/logger.rb:20:in `block in call'
  activesupport (4.2.1) lib/active_support/tagged_logging.rb:68:in `block in tagged'
  activesupport (4.2.1) lib/active_support/tagged_logging.rb:26:in `tagged'
  activesupport (4.2.1) lib/active_support/tagged_logging.rb:68:in `tagged'
  railties (4.2.1) lib/rails/rack/logger.rb:20:in `call'
  actionpack (4.2.1) lib/action_dispatch/middleware/request_id.rb:21:in `call'
  rack (1.6.2) lib/rack/methodoverride.rb:22:in `call'
  rack (1.6.2) lib/rack/runtime.rb:18:in `call'
  activesupport (4.2.1) lib/active_support/cache/strategy/local_cache_middleware.rb:28:in `call'
  rack (1.6.2) lib/rack/lock.rb:17:in `call'
  actionpack (4.2.1) lib/action_dispatch/middleware/static.rb:113:in `call'
  rack (1.6.2) lib/rack/sendfile.rb:113:in `call'
  railties (4.2.1) lib/rails/engine.rb:518:in `call'
  railties (4.2.1) lib/rails/application.rb:164:in `call'
  rack (1.6.2) lib/rack/lock.rb:17:in `call'
  rack (1.6.2) lib/rack/content_length.rb:15:in `call'
  rack (1.6.2) lib/rack/handler/webrick.rb:88:in `service'
  /home/saasbook/.rvm/rubies/ruby-2.2.2/lib/ruby/2.2.0/webrick/httpserver.rb:138:in `service'
  /home/saasbook/.rvm/rubies/ruby-2.2.2/lib/ruby/2.2.0/webrick/httpserver.rb:94:in `run'
  /home/saasbook/.rvm/rubies/ruby-2.2.2/lib/ruby/2.2.0/webrick/server.rb:294:in `block in start_thread'


  Rendered /home/saasbook/.rvm/gems/ruby-2.2.2/gems/actionpack-4.2.1/lib/action_dispatch/middleware/templates/rescues/_source.erb (5.4ms)
  Rendered /home/saasbook/.rvm/gems/ruby-2.2.2/gems/actionpack-4.2.1/lib/action_dispatch/middleware/templates/rescues/_trace.html.erb (2.2ms)
  Rendered /home/saasbook/.rvm/gems/ruby-2.2.2/gems/actionpack-4.2.1/lib/action_dispatch/middleware/templates/rescues/_request_and_response.html.erb (8.3ms)
  Rendered /home/saasbook/.rvm/gems/ruby-2.2.2/gems/actionpack-4.2.1/lib/action_dispatch/middleware/templates/rescues/diagnostics.html.erb within rescues/layout (57.2ms)
  [1m[36m (61.3ms)[0m  [1mCREATE TABLE "schema_migrations" ("version" varchar NOT NULL) [0m
  [1m[35m (0.3ms)[0m  select sqlite_version(*)
  [1m[36m (32.2ms)[0m  [1mCREATE UNIQUE INDEX "unique_schema_migrations" ON "schema_migrations" ("version")[0m
  [1m[35mActiveRecord::SchemaMigration Load (0.2ms)[0m  SELECT "schema_migrations".* FROM "schema_migrations"
Migrating to CreateMovies (20111119180638)
  [1m[36m (0.1ms)[0m  [1mbegin transaction[0m
DEPRECATION WARNING: `#timestamp` was called without specifying an option for `null`. In Rails 5, this behavior will change to `null: false`. You should manually specify `null: true` to prevent the behavior of your existing migrations from changing. (called from block in up at /home/saasbook/homework/saasSummer/hw-2/db/migrate/20111119180638_create_movies.rb:10)
  [1m[35m (0.5ms)[0m  CREATE TABLE "movies" ("id" INTEGER PRIMARY KEY AUTOINCREMENT NOT NULL, "title" varchar, "rating" varchar, "description" text, "release_date" datetime, "created_at" datetime, "updated_at" datetime) 
  [1m[36mSQL (0.2ms)[0m  [1mINSERT INTO "schema_migrations" ("version") VALUES (?)[0m  [["version", "20111119180638"]]
  [1m[35m (17.3ms)[0m  commit transaction
  [1m[36mActiveRecord::SchemaMigration Load (0.1ms)[0m  [1mSELECT "schema_migrations".* FROM "schema_migrations"[0m
DEPRECATION WARNING: You didn't set `secret_key_base`. Read the upgrade documentation to learn more about this new config option. (called from service at /home/saasbook/.rvm/rubies/ruby-2.2.2/lib/ruby/2.2.0/webrick/httpserver.rb:138)


Started GET "/assets/rails.png" for 127.0.0.1 at 2015-06-23 20:32:23 -0300


Started GET "/assets/rails.png" for 127.0.0.1 at 2015-06-23 20:32:29 -0300


Started GET "/movies/" for 127.0.0.1 at 2015-06-23 20:32:35 -0300
Processing by MoviesController#index as HTML
  [1m[36mMovie Load (6.3ms)[0m  [1mSELECT "movies".* FROM "movies"[0m
  Rendered movies/index.html.haml within layouts/application (28.1ms)
Completed 200 OK in 233ms (Views: 224.5ms | ActiveRecord: 6.4ms)


Started GET "/assets/application.self.css?body=1" for 127.0.0.1 at 2015-06-23 20:32:35 -0300


Started GET "/assets/jquery.self.js?body=1" for 127.0.0.1 at 2015-06-23 20:32:35 -0300


Started GET "/assets/jquery_ujs.self.js?body=1" for 127.0.0.1 at 2015-06-23 20:32:35 -0300


Started GET "/assets/application.self.js?body=1" for 127.0.0.1 at 2015-06-23 20:32:35 -0300
DEPRECATION WARNING: You didn't set `secret_key_base`. Read the upgrade documentation to learn more about this new config option. (called from service at /home/saasbook/.rvm/rubies/ruby-2.2.2/lib/ruby/2.2.0/webrick/httpserver.rb:138)


Started GET "/movies?ratings[G]=1&ratings[PG]=1&ratings[PG-13]=1&ratings[R]=1" for 127.0.0.1 at 2015-06-25 21:37:21 -0300
Processing by MoviesController#index as HTML
  Parameters: {"ratings"=>{"G"=>"1", "PG"=>"1", "PG-13"=>"1", "R"=>"1"}}
  [1m[36mMovie Load (11.1ms)[0m  [1mSELECT "movies".* FROM "movies"[0m
  Rendered movies/index.html.haml within layouts/application (33.1ms)
Completed 200 OK in 637ms (Views: 623.0ms | ActiveRecord: 11.2ms)


Started GET "/assets/application.self.css?body=1" for 127.0.0.1 at 2015-06-25 21:37:22 -0300


Started GET "/assets/jquery.self.js?body=1" for 127.0.0.1 at 2015-06-25 21:37:22 -0300


Started GET "/assets/jquery_ujs.self.js?body=1" for 127.0.0.1 at 2015-06-25 21:37:22 -0300


Started GET "/assets/application.self.js?body=1" for 127.0.0.1 at 2015-06-25 21:37:22 -0300


Started GET "/movies/new" for 127.0.0.1 at 2015-06-25 21:38:07 -0300
Processing by MoviesController#new as HTML
  Rendered movies/new.html.haml within layouts/application (60.8ms)
Completed 200 OK in 86ms (Views: 85.7ms | ActiveRecord: 0.0ms)


Started GET "/assets/application.self.css?body=1" for 127.0.0.1 at 2015-06-25 21:38:08 -0300


Started GET "/assets/application.self.js?body=1" for 127.0.0.1 at 2015-06-25 21:38:08 -0300


Started GET "/assets/jquery.self.js?body=1" for 127.0.0.1 at 2015-06-25 21:38:08 -0300


Started GET "/assets/jquery_ujs.self.js?body=1" for 127.0.0.1 at 2015-06-25 21:38:08 -0300


Started POST "/movies" for 127.0.0.1 at 2015-06-25 21:38:27 -0300
Processing by MoviesController#create as HTML
  Parameters: {"utf8"=>"✓", "authenticity_token"=>"oEVnXJcvbDkprENHfByu+KrnCPehZZL4/0azgY9G8vuPSliE+CkPf3L25itAbyR15Y+eRtP1pGM4mONFcRvEbw==", "movie"=>{"title"=>"The Matrix", "rating"=>"R", "release_date(1i)"=>"2015", "release_date(2i)"=>"6", "release_date(3i)"=>"26"}, "commit"=>"Save Changes"}
  [1m[35m (0.1ms)[0m  begin transaction
  [1m[36mSQL (6.7ms)[0m  [1mINSERT INTO "movies" ("title", "rating", "release_date", "created_at", "updated_at") VALUES (?, ?, ?, ?, ?)[0m  [["title", "The Matrix"], ["rating", "R"], ["release_date", "2015-06-26 00:00:00.000000"], ["created_at", "2015-06-26 00:38:27.189838"], ["updated_at", "2015-06-26 00:38:27.189838"]]
  [1m[35m (36.2ms)[0m  commit transaction
Redirected to http://localhost:3000/movies
Completed 302 Found in 97ms (ActiveRecord: 43.4ms)


Started GET "/movies" for 127.0.0.1 at 2015-06-25 21:38:27 -0300
Processing by MoviesController#index as HTML
  [1m[36mMovie Load (3.4ms)[0m  [1mSELECT "movies".* FROM "movies"[0m
  Rendered movies/index.html.haml within layouts/application (5.3ms)
Completed 200 OK in 23ms (Views: 19.0ms | ActiveRecord: 3.4ms)


Started GET "/assets/application.self.css?body=1" for 127.0.0.1 at 2015-06-25 21:38:27 -0300


Started GET "/assets/jquery_ujs.self.js?body=1" for 127.0.0.1 at 2015-06-25 21:38:27 -0300


Started GET "/assets/application.self.js?body=1" for 127.0.0.1 at 2015-06-25 21:38:27 -0300


Started GET "/assets/jquery.self.js?body=1" for 127.0.0.1 at 2015-06-25 21:38:27 -0300


Started GET "/movies/1" for 127.0.0.1 at 2015-06-25 21:38:30 -0300
Processing by MoviesController#show as HTML
  Parameters: {"id"=>"1"}
  [1m[35mMovie Load (0.3ms)[0m  SELECT  "movies".* FROM "movies" WHERE "movies"."id" = ? LIMIT 1  [["id", 1]]
  Rendered movies/show.html.haml within layouts/application (4.5ms)
Completed 200 OK in 52ms (Views: 29.1ms | ActiveRecord: 0.3ms)


Started GET "/assets/application.self.css?body=1" for 127.0.0.1 at 2015-06-25 21:38:30 -0300


Started GET "/assets/jquery.self.js?body=1" for 127.0.0.1 at 2015-06-25 21:38:30 -0300


Started GET "/assets/jquery_ujs.self.js?body=1" for 127.0.0.1 at 2015-06-25 21:38:30 -0300


Started GET "/assets/application.self.js?body=1" for 127.0.0.1 at 2015-06-25 21:38:30 -0300


Started GET "/movies/1/edit" for 127.0.0.1 at 2015-06-25 21:38:33 -0300
Processing by MoviesController#edit as HTML
  Parameters: {"id"=>"1"}
  [1m[36mMovie Load (0.2ms)[0m  [1mSELECT  "movies".* FROM "movies" WHERE "movies"."id" = ? LIMIT 1[0m  [["id", 1]]
  Rendered movies/edit.html.haml within layouts/application (10.6ms)
Completed 200 OK in 37ms (Views: 35.4ms | ActiveRecord: 0.2ms)


Started GET "/assets/application.self.css?body=1" for 127.0.0.1 at 2015-06-25 21:38:33 -0300


Started GET "/assets/jquery.self.js?body=1" for 127.0.0.1 at 2015-06-25 21:38:33 -0300


Started GET "/assets/jquery_ujs.self.js?body=1" for 127.0.0.1 at 2015-06-25 21:38:33 -0300


Started GET "/assets/application.self.js?body=1" for 127.0.0.1 at 2015-06-25 21:38:33 -0300


Started GET "/movies/1/edit" for 127.0.0.1 at 2015-06-25 21:38:42 -0300
Processing by MoviesController#edit as HTML
  Parameters: {"id"=>"1"}
  [1m[35mMovie Load (0.2ms)[0m  SELECT  "movies".* FROM "movies" WHERE "movies"."id" = ? LIMIT 1  [["id", 1]]
  Rendered movies/edit.html.haml within layouts/application (15.7ms)
Completed 200 OK in 83ms (Views: 79.5ms | ActiveRecord: 0.2ms)


Started GET "/assets/application.self.css?body=1" for 127.0.0.1 at 2015-06-25 21:38:42 -0300


Started GET "/assets/jquery.self.js?body=1" for 127.0.0.1 at 2015-06-25 21:38:42 -0300


Started GET "/assets/jquery_ujs.self.js?body=1" for 127.0.0.1 at 2015-06-25 21:38:42 -0300


Started GET "/assets/application.self.js?body=1" for 127.0.0.1 at 2015-06-25 21:38:42 -0300


Started PUT "/movies/1" for 127.0.0.1 at 2015-06-25 21:38:56 -0300
Processing by MoviesController#update as HTML
  Parameters: {"utf8"=>"✓", "authenticity_token"=>"/IZLSA++bmdCaIdVdUawwmq4z/obQtEOlbO7gckv5YHTiXSQYLgNIRkyIjlJNTpPJdBZS2nS55VSbetFN3LTFQ==", "movie"=>{"title"=>"The Matrix", "rating"=>"R", "release_date(1i)"=>"2015", "release_date(2i)"=>"6", "release_date(3i)"=>"26"}, "commit"=>"Update Movie Info", "id"=>"1"}
  [1m[36mMovie Load (0.2ms)[0m  [1mSELECT  "movies".* FROM "movies" WHERE "movies"."id" = ? LIMIT 1[0m  [["id", 1]]
  [1m[35m (0.1ms)[0m  begin transaction
  [1m[36m (0.1ms)[0m  [1mcommit transaction[0m
Redirected to http://localhost:3000/movies/1
Completed 302 Found in 15ms (ActiveRecord: 0.4ms)


Started GET "/movies/1" for 127.0.0.1 at 2015-06-25 21:38:56 -0300
Processing by MoviesController#show as HTML
  Parameters: {"id"=>"1"}
  [1m[35mMovie Load (0.2ms)[0m  SELECT  "movies".* FROM "movies" WHERE "movies"."id" = ? LIMIT 1  [["id", 1]]
  Rendered movies/show.html.haml within layouts/application (0.9ms)
Completed 200 OK in 29ms (Views: 24.8ms | ActiveRecord: 0.2ms)


Started GET "/assets/application.self.css?body=1" for 127.0.0.1 at 2015-06-25 21:38:56 -0300


Started GET "/assets/jquery.self.js?body=1" for 127.0.0.1 at 2015-06-25 21:38:56 -0300


Started GET "/assets/jquery_ujs.self.js?body=1" for 127.0.0.1 at 2015-06-25 21:38:56 -0300


Started GET "/assets/application.self.js?body=1" for 127.0.0.1 at 2015-06-25 21:38:56 -0300


Started GET "/movies" for 127.0.0.1 at 2015-06-25 21:39:00 -0300
Processing by MoviesController#index as HTML
  [1m[36mMovie Load (0.2ms)[0m  [1mSELECT "movies".* FROM "movies"[0m
  Rendered movies/index.html.haml within layouts/application (3.7ms)
Completed 200 OK in 32ms (Views: 24.5ms | ActiveRecord: 0.2ms)


Started GET "/assets/application.self.css?body=1" for 127.0.0.1 at 2015-06-25 21:39:00 -0300


Started GET "/assets/jquery_ujs.self.js?body=1" for 127.0.0.1 at 2015-06-25 21:39:00 -0300


Started GET "/assets/application.self.js?body=1" for 127.0.0.1 at 2015-06-25 21:39:00 -0300


Started GET "/assets/jquery.self.js?body=1" for 127.0.0.1 at 2015-06-25 21:39:00 -0300
  [1m[36mActiveRecord::SchemaMigration Load (0.1ms)[0m  [1mSELECT "schema_migrations".* FROM "schema_migrations"[0m
  [1m[35mActiveRecord::SchemaMigration Load (0.1ms)[0m  SELECT "schema_migrations".* FROM "schema_migrations"
  [1m[36m (23.1ms)[0m  [1mCREATE TABLE "movies" ("id" INTEGER PRIMARY KEY AUTOINCREMENT NOT NULL, "title" varchar, "rating" varchar, "description" text, "release_date" datetime, "created_at" datetime, "updated_at" datetime) [0m
  [1m[35m (15.5ms)[0m  CREATE TABLE "schema_migrations" ("version" varchar NOT NULL) 
  [1m[36m (0.1ms)[0m  [1mselect sqlite_version(*)[0m
  [1m[35m (15.7ms)[0m  CREATE UNIQUE INDEX "unique_schema_migrations" ON "schema_migrations" ("version")
  [1m[36m (0.2ms)[0m  [1mSELECT version FROM "schema_migrations"[0m
  [1m[35m (16.4ms)[0m  INSERT INTO "schema_migrations" (version) VALUES ('20111119180638')
  [1m[36mActiveRecord::SchemaMigration Load (0.2ms)[0m  [1mSELECT "schema_migrations".* FROM "schema_migrations"[0m
  [1m[35mActiveRecord::SchemaMigration Load (0.1ms)[0m  SELECT "schema_migrations".* FROM "schema_migrations"
  [1m[36m (25.2ms)[0m  [1mCREATE TABLE "movies" ("id" INTEGER PRIMARY KEY AUTOINCREMENT NOT NULL, "title" varchar, "rating" varchar, "description" text, "release_date" datetime, "created_at" datetime, "updated_at" datetime) [0m
  [1m[35m (15.9ms)[0m  CREATE TABLE "schema_migrations" ("version" varchar NOT NULL) 
  [1m[36m (0.1ms)[0m  [1mselect sqlite_version(*)[0m
  [1m[35m (16.6ms)[0m  CREATE UNIQUE INDEX "unique_schema_migrations" ON "schema_migrations" ("version")
  [1m[36m (0.2ms)[0m  [1mSELECT version FROM "schema_migrations"[0m
  [1m[35m (15.9ms)[0m  INSERT INTO "schema_migrations" (version) VALUES ('20111119180638')
  [1m[36mActiveRecord::SchemaMigration Load (0.1ms)[0m  [1mSELECT "schema_migrations".* FROM "schema_migrations"[0m
  [1m[35mActiveRecord::SchemaMigration Load (0.4ms)[0m  SELECT "schema_migrations".* FROM "schema_migrations"
  [1m[36m (26.8ms)[0m  [1mCREATE TABLE "movies" ("id" INTEGER PRIMARY KEY AUTOINCREMENT NOT NULL, "title" varchar, "rating" varchar, "description" text, "release_date" datetime, "created_at" datetime, "updated_at" datetime) [0m
  [1m[35m (15.9ms)[0m  CREATE TABLE "schema_migrations" ("version" varchar NOT NULL) 
  [1m[36m (0.1ms)[0m  [1mselect sqlite_version(*)[0m
  [1m[35m (15.9ms)[0m  CREATE UNIQUE INDEX "unique_schema_migrations" ON "schema_migrations" ("version")
  [1m[36m (0.2ms)[0m  [1mSELECT version FROM "schema_migrations"[0m
  [1m[35m (16.6ms)[0m  INSERT INTO "schema_migrations" (version) VALUES ('20111119180638')
  [1m[36mActiveRecord::SchemaMigration Load (0.1ms)[0m  [1mSELECT "schema_migrations".* FROM "schema_migrations"[0m
  [1m[35mActiveRecord::SchemaMigration Load (0.1ms)[0m  SELECT "schema_migrations".* FROM "schema_migrations"
  [1m[36m (22.8ms)[0m  [1mCREATE TABLE "movies" ("id" INTEGER PRIMARY KEY AUTOINCREMENT NOT NULL, "title" varchar, "rating" varchar, "description" text, "release_date" datetime, "created_at" datetime, "updated_at" datetime) [0m
  [1m[35m (15.2ms)[0m  CREATE TABLE "schema_migrations" ("version" varchar NOT NULL) 
  [1m[36m (0.1ms)[0m  [1mselect sqlite_version(*)[0m
  [1m[35m (15.4ms)[0m  CREATE UNIQUE INDEX "unique_schema_migrations" ON "schema_migrations" ("version")
  [1m[36m (0.2ms)[0m  [1mSELECT version FROM "schema_migrations"[0m
  [1m[35m (17.3ms)[0m  INSERT INTO "schema_migrations" (version) VALUES ('20111119180638')
  [1m[36mActiveRecord::SchemaMigration Load (0.2ms)[0m  [1mSELECT "schema_migrations".* FROM "schema_migrations"[0m
  [1m[35mActiveRecord::SchemaMigration Load (0.1ms)[0m  SELECT "schema_migrations".* FROM "schema_migrations"
  [1m[36m (26.9ms)[0m  [1mCREATE TABLE "movies" ("id" INTEGER PRIMARY KEY AUTOINCREMENT NOT NULL, "title" varchar, "rating" varchar, "description" text, "release_date" datetime, "created_at" datetime, "updated_at" datetime) [0m
  [1m[35m (16.5ms)[0m  CREATE TABLE "schema_migrations" ("version" varchar NOT NULL) 
  [1m[36m (0.1ms)[0m  [1mselect sqlite_version(*)[0m
  [1m[35m (16.3ms)[0m  CREATE UNIQUE INDEX "unique_schema_migrations" ON "schema_migrations" ("version")
  [1m[36m (0.2ms)[0m  [1mSELECT version FROM "schema_migrations"[0m
  [1m[35m (16.3ms)[0m  INSERT INTO "schema_migrations" (version) VALUES ('20111119180638')
  [1m[36mActiveRecord::SchemaMigration Load (0.1ms)[0m  [1mSELECT "schema_migrations".* FROM "schema_migrations"[0m
  [1m[35mActiveRecord::SchemaMigration Load (0.1ms)[0m  SELECT "schema_migrations".* FROM "schema_migrations"
  [1m[36m (48.0ms)[0m  [1mCREATE TABLE "movies" ("id" INTEGER PRIMARY KEY AUTOINCREMENT NOT NULL, "title" varchar, "rating" varchar, "description" text, "release_date" datetime, "created_at" datetime, "updated_at" datetime) [0m
  [1m[35m (17.1ms)[0m  CREATE TABLE "schema_migrations" ("version" varchar NOT NULL) 
  [1m[36m (0.1ms)[0m  [1mselect sqlite_version(*)[0m
  [1m[35m (18.3ms)[0m  CREATE UNIQUE INDEX "unique_schema_migrations" ON "schema_migrations" ("version")
  [1m[36m (0.2ms)[0m  [1mSELECT version FROM "schema_migrations"[0m
  [1m[35m (17.4ms)[0m  INSERT INTO "schema_migrations" (version) VALUES ('20111119180638')
  [1m[36mActiveRecord::SchemaMigration Load (0.3ms)[0m  [1mSELECT "schema_migrations".* FROM "schema_migrations"[0m
  [1m[35mActiveRecord::SchemaMigration Load (0.1ms)[0m  SELECT "schema_migrations".* FROM "schema_migrations"
  [1m[36m (33.5ms)[0m  [1mCREATE TABLE "movies" ("id" INTEGER PRIMARY KEY AUTOINCREMENT NOT NULL, "title" varchar, "rating" varchar, "description" text, "release_date" datetime, "created_at" datetime, "updated_at" datetime) [0m
  [1m[35m (20.2ms)[0m  CREATE TABLE "schema_migrations" ("version" varchar NOT NULL) 
  [1m[36m (0.1ms)[0m  [1mselect sqlite_version(*)[0m
  [1m[35m (15.9ms)[0m  CREATE UNIQUE INDEX "unique_schema_migrations" ON "schema_migrations" ("version")
  [1m[36m (0.2ms)[0m  [1mSELECT version FROM "schema_migrations"[0m
  [1m[35m (15.7ms)[0m  INSERT INTO "schema_migrations" (version) VALUES ('20111119180638')
  [1m[36mActiveRecord::SchemaMigration Load (0.2ms)[0m  [1mSELECT "schema_migrations".* FROM "schema_migrations"[0m
  [1m[35mActiveRecord::SchemaMigration Load (0.1ms)[0m  SELECT "schema_migrations".* FROM "schema_migrations"
  [1m[36m (23.0ms)[0m  [1mCREATE TABLE "movies" ("id" INTEGER PRIMARY KEY AUTOINCREMENT NOT NULL, "title" varchar, "rating" varchar, "description" text, "release_date" datetime, "created_at" datetime, "updated_at" datetime) [0m
  [1m[35m (15.5ms)[0m  CREATE TABLE "schema_migrations" ("version" varchar NOT NULL) 
  [1m[36m (0.1ms)[0m  [1mselect sqlite_version(*)[0m
  [1m[35m (16.7ms)[0m  CREATE UNIQUE INDEX "unique_schema_migrations" ON "schema_migrations" ("version")
  [1m[36m (0.2ms)[0m  [1mSELECT version FROM "schema_migrations"[0m
  [1m[35m (17.3ms)[0m  INSERT INTO "schema_migrations" (version) VALUES ('20111119180638')
DEPRECATION WARNING: You didn't set `secret_key_base`. Read the upgrade documentation to learn more about this new config option. (called from service at /home/saasbook/.rvm/rubies/ruby-2.2.2/lib/ruby/2.2.0/webrick/httpserver.rb:138)


Started GET "/movies" for 127.0.0.1 at 2015-06-25 22:35:24 -0300
Processing by MoviesController#index as */*
  [1m[36mMovie Load (4.8ms)[0m  [1mSELECT "movies".* FROM "movies"[0m
  Rendered movies/index.html.haml within layouts/application (27.4ms)
Completed 200 OK in 547ms (Views: 540.5ms | ActiveRecord: 5.2ms)


Started GET "/movies" for 127.0.0.1 at 2015-06-25 22:35:25 -0300
Processing by MoviesController#index as */*
  [1m[35mMovie Load (0.3ms)[0m  SELECT "movies".* FROM "movies"
  Rendered movies/index.html.haml within layouts/application (1.8ms)
Completed 200 OK in 31ms (Views: 30.2ms | ActiveRecord: 0.3ms)


Started GET "/movies" for 127.0.0.1 at 2015-06-25 22:35:25 -0300
Processing by MoviesController#index as */*
  [1m[36mMovie Load (0.6ms)[0m  [1mSELECT "movies".* FROM "movies"[0m
  Rendered movies/index.html.haml within layouts/application (1.6ms)
Completed 200 OK in 24ms (Views: 23.3ms | ActiveRecord: 0.6ms)


Started GET "/movies" for 127.0.0.1 at 2015-06-25 22:35:25 -0300
Processing by MoviesController#index as */*
  [1m[35mMovie Load (0.2ms)[0m  SELECT "movies".* FROM "movies"
  Rendered movies/index.html.haml within layouts/application (1.3ms)
Completed 200 OK in 26ms (Views: 25.8ms | ActiveRecord: 0.2ms)


Started GET "/movies" for 127.0.0.1 at 2015-06-25 22:35:25 -0300
Processing by MoviesController#index as */*
  [1m[36mMovie Load (0.3ms)[0m  [1mSELECT "movies".* FROM "movies"[0m
  Rendered movies/index.html.haml within layouts/application (1.9ms)
Completed 200 OK in 24ms (Views: 23.4ms | ActiveRecord: 0.3ms)


Started GET "/movies" for 127.0.0.1 at 2015-06-25 22:35:25 -0300
Processing by MoviesController#index as */*
  [1m[35mMovie Load (0.2ms)[0m  SELECT "movies".* FROM "movies"
  Rendered movies/index.html.haml within layouts/application (1.3ms)
Completed 200 OK in 24ms (Views: 23.4ms | ActiveRecord: 0.2ms)


Started GET "/movies" for 127.0.0.1 at 2015-06-25 22:35:25 -0300
Processing by MoviesController#index as */*
  [1m[36mMovie Load (0.2ms)[0m  [1mSELECT "movies".* FROM "movies"[0m
  Rendered movies/index.html.haml within layouts/application (1.2ms)
Completed 200 OK in 25ms (Views: 24.2ms | ActiveRecord: 0.2ms)


Started GET "/movies" for 127.0.0.1 at 2015-06-25 22:35:25 -0300
Processing by MoviesController#index as */*
  [1m[35mMovie Load (3.7ms)[0m  SELECT "movies".* FROM "movies"
  Rendered movies/index.html.haml within layouts/application (5.4ms)
Completed 200 OK in 32ms (Views: 28.1ms | ActiveRecord: 3.7ms)


Started GET "/movies" for 127.0.0.1 at 2015-06-25 22:35:25 -0300
Processing by MoviesController#index as */*
  [1m[36mMovie Load (0.2ms)[0m  [1mSELECT "movies".* FROM "movies"[0m
  Rendered movies/index.html.haml within layouts/application (1.1ms)
Completed 200 OK in 42ms (Views: 41.4ms | ActiveRecord: 0.2ms)


Started GET "/movies" for 127.0.0.1 at 2015-06-25 22:35:25 -0300
Processing by MoviesController#index as */*
  [1m[35mMovie Load (0.2ms)[0m  SELECT "movies".* FROM "movies"
  Rendered movies/index.html.haml within layouts/application (1.4ms)
Completed 200 OK in 20ms (Views: 19.7ms | ActiveRecord: 0.2ms)


Started GET "/movies" for 127.0.0.1 at 2015-06-25 22:35:26 -0300
Processing by MoviesController#index as */*
  [1m[36mMovie Load (0.2ms)[0m  [1mSELECT "movies".* FROM "movies"[0m
  Rendered movies/index.html.haml within layouts/application (2.3ms)
Completed 200 OK in 20ms (Views: 20.0ms | ActiveRecord: 0.2ms)


Started GET "/movies" for 127.0.0.1 at 2015-06-25 22:35:26 -0300
Processing by MoviesController#index as */*
  [1m[35mMovie Load (0.2ms)[0m  SELECT "movies".* FROM "movies"
  Rendered movies/index.html.haml within layouts/application (1.1ms)
Completed 200 OK in 18ms (Views: 17.8ms | ActiveRecord: 0.2ms)


Started GET "/movies" for 127.0.0.1 at 2015-06-25 22:35:26 -0300
Processing by MoviesController#index as */*
  [1m[36mMovie Load (0.2ms)[0m  [1mSELECT "movies".* FROM "movies"[0m
  Rendered movies/index.html.haml within layouts/application (1.2ms)
Completed 200 OK in 18ms (Views: 17.5ms | ActiveRecord: 0.2ms)


Started GET "/movies" for 127.0.0.1 at 2015-06-25 22:35:26 -0300
Processing by MoviesController#index as */*
  [1m[35mMovie Load (0.2ms)[0m  SELECT "movies".* FROM "movies"
  Rendered movies/index.html.haml within layouts/application (1.1ms)
Completed 200 OK in 18ms (Views: 17.9ms | ActiveRecord: 0.2ms)


Started GET "/movies" for 127.0.0.1 at 2015-06-25 22:35:26 -0300
Processing by MoviesController#index as */*
  [1m[36mMovie Load (0.2ms)[0m  [1mSELECT "movies".* FROM "movies"[0m
  Rendered movies/index.html.haml within layouts/application (1.1ms)
Completed 200 OK in 20ms (Views: 19.1ms | ActiveRecord: 0.2ms)


Started GET "/movies" for 127.0.0.1 at 2015-06-25 22:35:26 -0300
Processing by MoviesController#index as */*
  [1m[35mMovie Load (0.2ms)[0m  SELECT "movies".* FROM "movies"
  Rendered movies/index.html.haml within layouts/application (0.9ms)
Completed 200 OK in 32ms (Views: 31.6ms | ActiveRecord: 0.2ms)


Started GET "/movies" for 127.0.0.1 at 2015-06-25 22:35:26 -0300
Processing by MoviesController#index as */*
  [1m[36mMovie Load (0.2ms)[0m  [1mSELECT "movies".* FROM "movies"[0m
  Rendered movies/index.html.haml within layouts/application (1.5ms)
Completed 200 OK in 20ms (Views: 19.4ms | ActiveRecord: 0.2ms)


Started GET "/movies" for 127.0.0.1 at 2015-06-25 22:35:26 -0300
Processing by MoviesController#index as */*
  [1m[35mMovie Load (0.2ms)[0m  SELECT "movies".* FROM "movies"
  Rendered movies/index.html.haml within layouts/application (1.1ms)
Completed 200 OK in 24ms (Views: 21.3ms | ActiveRecord: 0.2ms)


Started GET "/movies" for 127.0.0.1 at 2015-06-25 22:35:26 -0300
Processing by MoviesController#index as */*
  [1m[36mMovie Load (0.2ms)[0m  [1mSELECT "movies".* FROM "movies"[0m
  Rendered movies/index.html.haml within layouts/application (1.1ms)
Completed 200 OK in 30ms (Views: 29.3ms | ActiveRecord: 0.2ms)


Started GET "/movies" for 127.0.0.1 at 2015-06-25 22:35:26 -0300
Processing by MoviesController#index as */*
  [1m[35mMovie Load (0.2ms)[0m  SELECT "movies".* FROM "movies"
  Rendered movies/index.html.haml within layouts/application (1.5ms)
Completed 200 OK in 26ms (Views: 26.2ms | ActiveRecord: 0.2ms)


Started GET "/movies" for 127.0.0.1 at 2015-06-25 22:35:26 -0300
Processing by MoviesController#index as */*
  [1m[36mMovie Load (0.2ms)[0m  [1mSELECT "movies".* FROM "movies"[0m
  Rendered movies/index.html.haml within layouts/application (2.0ms)
Completed 200 OK in 17ms (Views: 16.4ms | ActiveRecord: 0.2ms)


Started GET "/movies" for 127.0.0.1 at 2015-06-25 22:35:26 -0300
Processing by MoviesController#index as */*
  [1m[35mMovie Load (0.2ms)[0m  SELECT "movies".* FROM "movies"
  Rendered movies/index.html.haml within layouts/application (1.3ms)
Completed 200 OK in 20ms (Views: 19.8ms | ActiveRecord: 0.2ms)


Started GET "/movies" for 127.0.0.1 at 2015-06-25 22:35:26 -0300
Processing by MoviesController#index as */*
  [1m[36mMovie Load (0.4ms)[0m  [1mSELECT "movies".* FROM "movies"[0m
  Rendered movies/index.html.haml within layouts/application (7.1ms)
Completed 200 OK in 29ms (Views: 28.2ms | ActiveRecord: 0.4ms)


Started GET "/movies" for 127.0.0.1 at 2015-06-25 22:35:27 -0300
Processing by MoviesController#index as */*
  [1m[35mMovie Load (0.4ms)[0m  SELECT "movies".* FROM "movies"
  Rendered movies/index.html.haml within layouts/application (1.6ms)
Completed 200 OK in 26ms (Views: 25.5ms | ActiveRecord: 0.4ms)


Started GET "/movies" for 127.0.0.1 at 2015-06-25 22:35:27 -0300
Processing by MoviesController#index as */*
  [1m[36mMovie Load (0.2ms)[0m  [1mSELECT "movies".* FROM "movies"[0m
  Rendered movies/index.html.haml within layouts/application (1.7ms)
Completed 200 OK in 27ms (Views: 26.4ms | ActiveRecord: 0.2ms)


Started GET "/movies" for 127.0.0.1 at 2015-06-25 22:35:27 -0300
Processing by MoviesController#index as */*
  [1m[35mMovie Load (4.4ms)[0m  SELECT "movies".* FROM "movies"
  Rendered movies/index.html.haml within layouts/application (5.3ms)
Completed 200 OK in 19ms (Views: 14.6ms | ActiveRecord: 4.4ms)


Started GET "/movies" for 127.0.0.1 at 2015-06-25 22:35:27 -0300
Processing by MoviesController#index as */*
  [1m[36mMovie Load (0.2ms)[0m  [1mSELECT "movies".* FROM "movies"[0m
  Rendered movies/index.html.haml within layouts/application (1.0ms)
Completed 200 OK in 22ms (Views: 22.0ms | ActiveRecord: 0.2ms)


Started GET "/movies" for 127.0.0.1 at 2015-06-25 22:35:27 -0300
Processing by MoviesController#index as */*
  [1m[35mMovie Load (0.2ms)[0m  SELECT "movies".* FROM "movies"
  Rendered movies/index.html.haml within layouts/application (1.1ms)
Completed 200 OK in 18ms (Views: 17.4ms | ActiveRecord: 0.2ms)


Started GET "/movies" for 127.0.0.1 at 2015-06-25 22:35:27 -0300
Processing by MoviesController#index as */*
  [1m[36mMovie Load (0.2ms)[0m  [1mSELECT "movies".* FROM "movies"[0m
  Rendered movies/index.html.haml within layouts/application (1.1ms)
Completed 200 OK in 14ms (Views: 13.9ms | ActiveRecord: 0.2ms)
DEPRECATION WARNING: You didn't set `secret_key_base`. Read the upgrade documentation to learn more about this new config option. (called from service at /home/saasbook/.rvm/rubies/ruby-2.2.2/lib/ruby/2.2.0/webrick/httpserver.rb:138)


Started GET "/movies" for 127.0.0.1 at 2015-06-25 22:40:55 -0300
Processing by MoviesController#index as */*
  [1m[36mMovie Load (3.9ms)[0m  [1mSELECT "movies".* FROM "movies"[0m
  Rendered movies/index.html.haml within layouts/application (49.1ms)
Completed 200 OK in 446ms (Views: 440.2ms | ActiveRecord: 4.2ms)


Started GET "/movies" for 127.0.0.1 at 2015-06-25 22:40:55 -0300
Processing by MoviesController#index as */*
  [1m[35mMovie Load (0.2ms)[0m  SELECT "movies".* FROM "movies"
  Rendered movies/index.html.haml within layouts/application (1.3ms)
Completed 200 OK in 33ms (Views: 32.6ms | ActiveRecord: 0.2ms)


Started GET "/movies" for 127.0.0.1 at 2015-06-25 22:40:55 -0300
Processing by MoviesController#index as */*
  [1m[36mMovie Load (0.2ms)[0m  [1mSELECT "movies".* FROM "movies"[0m
  Rendered movies/index.html.haml within layouts/application (1.6ms)
Completed 200 OK in 34ms (Views: 33.9ms | ActiveRecord: 0.2ms)


Started GET "/movies" for 127.0.0.1 at 2015-06-25 22:40:56 -0300
Processing by MoviesController#index as */*
  [1m[35mMovie Load (4.6ms)[0m  SELECT "movies".* FROM "movies"
  Rendered movies/index.html.haml within layouts/application (6.0ms)
Completed 200 OK in 51ms (Views: 46.5ms | ActiveRecord: 4.6ms)


Started GET "/movies" for 127.0.0.1 at 2015-06-25 22:40:56 -0300
Processing by MoviesController#index as */*
  [1m[36mMovie Load (0.4ms)[0m  [1mSELECT "movies".* FROM "movies"[0m
  Rendered movies/index.html.haml within layouts/application (1.7ms)
Completed 200 OK in 39ms (Views: 38.8ms | ActiveRecord: 0.4ms)


Started GET "/movies" for 127.0.0.1 at 2015-06-25 22:40:56 -0300
Processing by MoviesController#index as */*
  [1m[35mMovie Load (0.2ms)[0m  SELECT "movies".* FROM "movies"
  Rendered movies/index.html.haml within layouts/application (1.5ms)
Completed 200 OK in 19ms (Views: 18.5ms | ActiveRecord: 0.2ms)


Started GET "/movies" for 127.0.0.1 at 2015-06-25 22:40:56 -0300
Processing by MoviesController#index as */*
  [1m[36mMovie Load (0.2ms)[0m  [1mSELECT "movies".* FROM "movies"[0m
  Rendered movies/index.html.haml within layouts/application (1.7ms)
Completed 200 OK in 37ms (Views: 37.1ms | ActiveRecord: 0.2ms)


Started GET "/movies" for 127.0.0.1 at 2015-06-25 22:40:56 -0300
Processing by MoviesController#index as */*
  [1m[35mMovie Load (0.2ms)[0m  SELECT "movies".* FROM "movies"
  Rendered movies/index.html.haml within layouts/application (1.4ms)
Completed 200 OK in 20ms (Views: 19.6ms | ActiveRecord: 0.2ms)


Started GET "/movies" for 127.0.0.1 at 2015-06-25 22:40:56 -0300
Processing by MoviesController#index as */*
  [1m[36mMovie Load (0.2ms)[0m  [1mSELECT "movies".* FROM "movies"[0m
  Rendered movies/index.html.haml within layouts/application (7.1ms)
Completed 200 OK in 51ms (Views: 50.6ms | ActiveRecord: 0.2ms)


Started GET "/movies" for 127.0.0.1 at 2015-06-25 22:40:56 -0300
Processing by MoviesController#index as */*
  [1m[35mMovie Load (0.2ms)[0m  SELECT "movies".* FROM "movies"
  Rendered movies/index.html.haml within layouts/application (5.5ms)
Completed 200 OK in 37ms (Views: 36.9ms | ActiveRecord: 0.2ms)


Started GET "/movies" for 127.0.0.1 at 2015-06-25 22:40:56 -0300
Processing by MoviesController#index as */*
  [1m[36mMovie Load (0.3ms)[0m  [1mSELECT "movies".* FROM "movies"[0m
  Rendered movies/index.html.haml within layouts/application (2.3ms)
Completed 200 OK in 30ms (Views: 29.8ms | ActiveRecord: 0.3ms)


Started GET "/movies" for 127.0.0.1 at 2015-06-25 22:40:56 -0300
Processing by MoviesController#index as */*
  [1m[35mMovie Load (0.3ms)[0m  SELECT "movies".* FROM "movies"
  Rendered movies/index.html.haml within layouts/application (6.0ms)
Completed 200 OK in 45ms (Views: 44.0ms | ActiveRecord: 0.3ms)


Started GET "/movies" for 127.0.0.1 at 2015-06-25 22:40:56 -0300
Processing by MoviesController#index as */*
  [1m[36mMovie Load (0.2ms)[0m  [1mSELECT "movies".* FROM "movies"[0m
  Rendered movies/index.html.haml within layouts/application (1.8ms)
Completed 200 OK in 42ms (Views: 41.2ms | ActiveRecord: 0.2ms)


Started GET "/movies" for 127.0.0.1 at 2015-06-25 22:40:56 -0300
Processing by MoviesController#index as */*
  [1m[35mMovie Load (0.2ms)[0m  SELECT "movies".* FROM "movies"
  Rendered movies/index.html.haml within layouts/application (1.6ms)
Completed 200 OK in 34ms (Views: 29.5ms | ActiveRecord: 0.2ms)


Started GET "/movies" for 127.0.0.1 at 2015-06-25 22:40:57 -0300
Processing by MoviesController#index as */*
  [1m[36mMovie Load (0.2ms)[0m  [1mSELECT "movies".* FROM "movies"[0m
  Rendered movies/index.html.haml within layouts/application (5.7ms)
Completed 200 OK in 43ms (Views: 42.2ms | ActiveRecord: 0.2ms)


Started GET "/movies" for 127.0.0.1 at 2015-06-25 22:40:57 -0300
Processing by MoviesController#index as */*
  [1m[35mMovie Load (0.2ms)[0m  SELECT "movies".* FROM "movies"
  Rendered movies/index.html.haml within layouts/application (1.4ms)
Completed 200 OK in 28ms (Views: 27.6ms | ActiveRecord: 0.2ms)


Started GET "/movies" for 127.0.0.1 at 2015-06-25 22:40:57 -0300
Processing by MoviesController#index as */*
  [1m[36mMovie Load (0.2ms)[0m  [1mSELECT "movies".* FROM "movies"[0m
  Rendered movies/index.html.haml within layouts/application (1.5ms)
Completed 200 OK in 35ms (Views: 34.3ms | ActiveRecord: 0.2ms)


Started GET "/movies" for 127.0.0.1 at 2015-06-25 22:40:57 -0300
Processing by MoviesController#index as */*
  [1m[35mMovie Load (0.2ms)[0m  SELECT "movies".* FROM "movies"
  Rendered movies/index.html.haml within layouts/application (1.7ms)
Completed 200 OK in 38ms (Views: 37.2ms | ActiveRecord: 0.2ms)


Started GET "/movies" for 127.0.0.1 at 2015-06-25 22:40:57 -0300
Processing by MoviesController#index as */*
  [1m[36mMovie Load (0.2ms)[0m  [1mSELECT "movies".* FROM "movies"[0m
  Rendered movies/index.html.haml within layouts/application (1.4ms)
Completed 200 OK in 20ms (Views: 20.0ms | ActiveRecord: 0.2ms)


Started GET "/movies" for 127.0.0.1 at 2015-06-25 22:40:57 -0300
Processing by MoviesController#index as */*
  [1m[35mMovie Load (0.2ms)[0m  SELECT "movies".* FROM "movies"
  Rendered movies/index.html.haml within layouts/application (3.4ms)
Completed 200 OK in 36ms (Views: 36.1ms | ActiveRecord: 0.2ms)


Started GET "/movies" for 127.0.0.1 at 2015-06-25 22:40:57 -0300
Processing by MoviesController#index as */*
  [1m[36mMovie Load (0.2ms)[0m  [1mSELECT "movies".* FROM "movies"[0m
  Rendered movies/index.html.haml within layouts/application (2.6ms)
Completed 200 OK in 29ms (Views: 28.4ms | ActiveRecord: 0.2ms)


Started GET "/movies" for 127.0.0.1 at 2015-06-25 22:40:57 -0300
Processing by MoviesController#index as */*
  [1m[35mMovie Load (0.2ms)[0m  SELECT "movies".* FROM "movies"
  Rendered movies/index.html.haml within layouts/application (3.8ms)
Completed 200 OK in 35ms (Views: 35.0ms | ActiveRecord: 0.2ms)


Started GET "/movies" for 127.0.0.1 at 2015-06-25 22:40:57 -0300
Processing by MoviesController#index as */*
  [1m[36mMovie Load (0.2ms)[0m  [1mSELECT "movies".* FROM "movies"[0m
  Rendered movies/index.html.haml within layouts/application (7.0ms)
Completed 200 OK in 53ms (Views: 53.1ms | ActiveRecord: 0.2ms)


Started GET "/movies" for 127.0.0.1 at 2015-06-25 22:40:57 -0300
Processing by MoviesController#index as */*
  [1m[35mMovie Load (4.5ms)[0m  SELECT "movies".* FROM "movies"
  Rendered movies/index.html.haml within layouts/application (5.8ms)
Completed 200 OK in 40ms (Views: 35.8ms | ActiveRecord: 4.5ms)


Started GET "/movies" for 127.0.0.1 at 2015-06-25 22:40:57 -0300
Processing by MoviesController#index as */*
  [1m[36mMovie Load (0.3ms)[0m  [1mSELECT "movies".* FROM "movies"[0m
  Rendered movies/index.html.haml within layouts/application (6.7ms)
Completed 200 OK in 41ms (Views: 40.8ms | ActiveRecord: 0.3ms)


Started GET "/movies" for 127.0.0.1 at 2015-06-25 22:40:58 -0300
Processing by MoviesController#index as */*
  [1m[35mMovie Load (0.2ms)[0m  SELECT "movies".* FROM "movies"
  Rendered movies/index.html.haml within layouts/application (2.2ms)
Completed 200 OK in 39ms (Views: 38.9ms | ActiveRecord: 0.2ms)


Started GET "/movies" for 127.0.0.1 at 2015-06-25 22:40:58 -0300
Processing by MoviesController#index as */*
  [1m[36mMovie Load (0.2ms)[0m  [1mSELECT "movies".* FROM "movies"[0m
  Rendered movies/index.html.haml within layouts/application (1.6ms)
Completed 200 OK in 27ms (Views: 26.4ms | ActiveRecord: 0.2ms)


Started GET "/movies" for 127.0.0.1 at 2015-06-25 22:40:58 -0300
Processing by MoviesController#index as */*
  [1m[35mMovie Load (0.2ms)[0m  SELECT "movies".* FROM "movies"
  Rendered movies/index.html.haml within layouts/application (1.7ms)
Completed 200 OK in 37ms (Views: 36.3ms | ActiveRecord: 0.2ms)


Started GET "/movies" for 127.0.0.1 at 2015-06-25 22:40:58 -0300
Processing by MoviesController#index as */*
  [1m[36mMovie Load (0.2ms)[0m  [1mSELECT "movies".* FROM "movies"[0m
  Rendered movies/index.html.haml within layouts/application (2.0ms)
Completed 200 OK in 35ms (Views: 34.1ms | ActiveRecord: 0.2ms)


Started GET "/movies/" for 127.0.0.1 at 2015-06-25 22:42:11 -0300
Processing by MoviesController#index as HTML
  [1m[35mMovie Load (0.2ms)[0m  SELECT "movies".* FROM "movies"
  Rendered movies/index.html.haml within layouts/application (16.6ms)
Completed 200 OK in 51ms (Views: 51.0ms | ActiveRecord: 0.2ms)


Started GET "/assets/application.self.css?body=1" for 127.0.0.1 at 2015-06-25 22:42:11 -0300


Started GET "/assets/jquery.self.js?body=1" for 127.0.0.1 at 2015-06-25 22:42:11 -0300


Started GET "/assets/application.self.js?body=1" for 127.0.0.1 at 2015-06-25 22:42:11 -0300


Started GET "/assets/jquery_ujs.self.js?body=1" for 127.0.0.1 at 2015-06-25 22:42:11 -0300


Started GET "/assets/rails.png" for 127.0.0.1 at 2015-06-25 22:42:19 -0300
  [1m[36mActiveRecord::SchemaMigration Load (0.2ms)[0m  [1mSELECT "schema_migrations".* FROM "schema_migrations"[0m
  [1m[35mActiveRecord::SchemaMigration Load (0.1ms)[0m  SELECT "schema_migrations".* FROM "schema_migrations"
  [1m[36m (26.0ms)[0m  [1mCREATE TABLE "movies" ("id" INTEGER PRIMARY KEY AUTOINCREMENT NOT NULL, "title" varchar, "rating" varchar, "description" text, "release_date" datetime, "created_at" datetime, "updated_at" datetime) [0m
  [1m[35m (15.4ms)[0m  CREATE TABLE "schema_migrations" ("version" varchar NOT NULL) 
  [1m[36m (0.1ms)[0m  [1mselect sqlite_version(*)[0m
  [1m[35m (16.0ms)[0m  CREATE UNIQUE INDEX "unique_schema_migrations" ON "schema_migrations" ("version")
  [1m[36m (0.2ms)[0m  [1mSELECT version FROM "schema_migrations"[0m
  [1m[35m (18.1ms)[0m  INSERT INTO "schema_migrations" (version) VALUES ('20111119180638')
DEPRECATION WARNING: You didn't set `secret_key_base`. Read the upgrade documentation to learn more about this new config option. (called from service at /home/saasbook/.rvm/rubies/ruby-2.2.2/lib/ruby/2.2.0/webrick/httpserver.rb:138)


Started GET "/movies" for 127.0.0.1 at 2015-06-25 22:53:06 -0300
Processing by MoviesController#index as */*
  [1m[36mMovie Load (4.8ms)[0m  [1mSELECT "movies".* FROM "movies"[0m
  Rendered movies/index.html.haml within layouts/application (27.9ms)
Completed 200 OK in 427ms (Views: 420.9ms | ActiveRecord: 5.2ms)


Started GET "/movies" for 127.0.0.1 at 2015-06-25 22:53:07 -0300
Processing by MoviesController#index as */*
  [1m[35mMovie Load (0.9ms)[0m  SELECT "movies".* FROM "movies"
  Rendered movies/index.html.haml within layouts/application (2.0ms)
Completed 200 OK in 26ms (Views: 24.9ms | ActiveRecord: 0.9ms)


Started GET "/movies" for 127.0.0.1 at 2015-06-25 22:53:07 -0300
Processing by MoviesController#index as */*
  [1m[36mMovie Load (0.2ms)[0m  [1mSELECT "movies".* FROM "movies"[0m
  Rendered movies/index.html.haml within layouts/application (1.2ms)
Completed 200 OK in 27ms (Views: 26.3ms | ActiveRecord: 0.2ms)


Started GET "/movies" for 127.0.0.1 at 2015-06-25 22:53:07 -0300
Processing by MoviesController#index as */*
  [1m[35mMovie Load (0.3ms)[0m  SELECT "movies".* FROM "movies"
  Rendered movies/index.html.haml within layouts/application (1.2ms)
Completed 200 OK in 28ms (Views: 27.1ms | ActiveRecord: 0.3ms)


Started GET "/movies" for 127.0.0.1 at 2015-06-25 22:53:07 -0300
Processing by MoviesController#index as */*
  [1m[36mMovie Load (1.0ms)[0m  [1mSELECT "movies".* FROM "movies"[0m
  Rendered movies/index.html.haml within layouts/application (2.0ms)
Completed 200 OK in 25ms (Views: 24.3ms | ActiveRecord: 1.0ms)


Started GET "/movies" for 127.0.0.1 at 2015-06-25 22:53:07 -0300
Processing by MoviesController#index as */*
  [1m[35mMovie Load (0.7ms)[0m  SELECT "movies".* FROM "movies"
  Rendered movies/index.html.haml within layouts/application (1.6ms)
Completed 200 OK in 25ms (Views: 23.6ms | ActiveRecord: 0.7ms)


Started GET "/movies" for 127.0.0.1 at 2015-06-25 22:53:07 -0300
Processing by MoviesController#index as */*
  [1m[36mMovie Load (0.2ms)[0m  [1mSELECT "movies".* FROM "movies"[0m
  Rendered movies/index.html.haml within layouts/application (2.0ms)
Completed 200 OK in 25ms (Views: 24.5ms | ActiveRecord: 0.2ms)


Started GET "/movies" for 127.0.0.1 at 2015-06-25 22:53:07 -0300
Processing by MoviesController#index as */*
  [1m[35mMovie Load (0.2ms)[0m  SELECT "movies".* FROM "movies"
  Rendered movies/index.html.haml within layouts/application (1.4ms)
Completed 200 OK in 27ms (Views: 26.5ms | ActiveRecord: 0.2ms)


Started GET "/movies" for 127.0.0.1 at 2015-06-25 22:53:07 -0300
Processing by MoviesController#index as */*
  [1m[36mMovie Load (0.4ms)[0m  [1mSELECT "movies".* FROM "movies"[0m
  Rendered movies/index.html.haml within layouts/application (1.8ms)
Completed 200 OK in 25ms (Views: 24.8ms | ActiveRecord: 0.4ms)


Started GET "/movies" for 127.0.0.1 at 2015-06-25 22:53:07 -0300
Processing by MoviesController#index as */*
  [1m[35mMovie Load (0.2ms)[0m  SELECT "movies".* FROM "movies"
  Rendered movies/index.html.haml within layouts/application (1.0ms)
Completed 200 OK in 25ms (Views: 24.3ms | ActiveRecord: 0.2ms)


Started GET "/movies" for 127.0.0.1 at 2015-06-25 22:53:07 -0300
Processing by MoviesController#index as */*
  [1m[36mMovie Load (0.2ms)[0m  [1mSELECT "movies".* FROM "movies"[0m
  Rendered movies/index.html.haml within layouts/application (1.3ms)
Completed 200 OK in 28ms (Views: 27.4ms | ActiveRecord: 0.2ms)


Started GET "/movies" for 127.0.0.1 at 2015-06-25 22:53:08 -0300
Processing by MoviesController#index as */*
  [1m[35mMovie Load (0.2ms)[0m  SELECT "movies".* FROM "movies"
  Rendered movies/index.html.haml within layouts/application (1.2ms)
Completed 200 OK in 26ms (Views: 25.7ms | ActiveRecord: 0.2ms)


Started GET "/movies" for 127.0.0.1 at 2015-06-25 22:53:08 -0300
Processing by MoviesController#index as */*
  [1m[36mMovie Load (0.2ms)[0m  [1mSELECT "movies".* FROM "movies"[0m
  Rendered movies/index.html.haml within layouts/application (1.3ms)
Completed 200 OK in 26ms (Views: 24.7ms | ActiveRecord: 0.2ms)


Started GET "/movies" for 127.0.0.1 at 2015-06-25 22:53:08 -0300
Processing by MoviesController#index as */*
  [1m[35mMovie Load (0.4ms)[0m  SELECT "movies".* FROM "movies"
  Rendered movies/index.html.haml within layouts/application (1.3ms)
Completed 200 OK in 25ms (Views: 24.2ms | ActiveRecord: 0.4ms)


Started GET "/movies" for 127.0.0.1 at 2015-06-25 22:53:08 -0300
Processing by MoviesController#index as */*
  [1m[36mMovie Load (0.5ms)[0m  [1mSELECT "movies".* FROM "movies"[0m
  Rendered movies/index.html.haml within layouts/application (1.5ms)
Completed 200 OK in 43ms (Views: 42.3ms | ActiveRecord: 0.5ms)


Started GET "/movies" for 127.0.0.1 at 2015-06-25 22:53:08 -0300
Processing by MoviesController#index as */*
  [1m[35mMovie Load (0.2ms)[0m  SELECT "movies".* FROM "movies"
  Rendered movies/index.html.haml within layouts/application (1.3ms)
Completed 200 OK in 20ms (Views: 19.2ms | ActiveRecord: 0.2ms)


Started GET "/movies" for 127.0.0.1 at 2015-06-25 22:53:08 -0300
Processing by MoviesController#index as */*
  [1m[36mMovie Load (0.2ms)[0m  [1mSELECT "movies".* FROM "movies"[0m
  Rendered movies/index.html.haml within layouts/application (1.4ms)
Completed 200 OK in 21ms (Views: 21.0ms | ActiveRecord: 0.2ms)


Started GET "/movies" for 127.0.0.1 at 2015-06-25 22:53:08 -0300
Processing by MoviesController#index as */*
  [1m[35mMovie Load (0.2ms)[0m  SELECT "movies".* FROM "movies"
  Rendered movies/index.html.haml within layouts/application (1.1ms)
Completed 200 OK in 20ms (Views: 18.6ms | ActiveRecord: 0.2ms)


Started GET "/movies" for 127.0.0.1 at 2015-06-25 22:53:08 -0300
Processing by MoviesController#index as */*
  [1m[36mMovie Load (0.2ms)[0m  [1mSELECT "movies".* FROM "movies"[0m
  Rendered movies/index.html.haml within layouts/application (1.1ms)
Completed 200 OK in 19ms (Views: 17.7ms | ActiveRecord: 0.2ms)


Started GET "/movies" for 127.0.0.1 at 2015-06-25 22:53:08 -0300
Processing by MoviesController#index as */*
  [1m[35mMovie Load (0.2ms)[0m  SELECT "movies".* FROM "movies"
  Rendered movies/index.html.haml within layouts/application (1.1ms)
Completed 200 OK in 21ms (Views: 20.9ms | ActiveRecord: 0.2ms)


Started GET "/movies" for 127.0.0.1 at 2015-06-25 22:53:08 -0300
Processing by MoviesController#index as */*
  [1m[36mMovie Load (0.2ms)[0m  [1mSELECT "movies".* FROM "movies"[0m
  Rendered movies/index.html.haml within layouts/application (4.5ms)
Completed 200 OK in 19ms (Views: 18.3ms | ActiveRecord: 0.2ms)


Started GET "/movies" for 127.0.0.1 at 2015-06-25 22:53:08 -0300
Processing by MoviesController#index as */*
  [1m[35mMovie Load (0.2ms)[0m  SELECT "movies".* FROM "movies"
  Rendered movies/index.html.haml within layouts/application (1.8ms)
Completed 200 OK in 20ms (Views: 19.9ms | ActiveRecord: 0.2ms)


Started GET "/movies" for 127.0.0.1 at 2015-06-25 22:53:08 -0300
Processing by MoviesController#index as */*
  [1m[36mMovie Load (1.0ms)[0m  [1mSELECT "movies".* FROM "movies"[0m
  Rendered movies/index.html.haml within layouts/application (2.0ms)
Completed 200 OK in 29ms (Views: 27.7ms | ActiveRecord: 1.0ms)


Started GET "/movies" for 127.0.0.1 at 2015-06-25 22:53:08 -0300
Processing by MoviesController#index as */*
  [1m[35mMovie Load (0.2ms)[0m  SELECT "movies".* FROM "movies"
  Rendered movies/index.html.haml within layouts/application (1.7ms)
Completed 200 OK in 21ms (Views: 20.6ms | ActiveRecord: 0.2ms)


Started GET "/movies" for 127.0.0.1 at 2015-06-25 22:53:09 -0300
Processing by MoviesController#index as */*
  [1m[36mMovie Load (0.2ms)[0m  [1mSELECT "movies".* FROM "movies"[0m
  Rendered movies/index.html.haml within layouts/application (1.3ms)
Completed 200 OK in 24ms (Views: 23.7ms | ActiveRecord: 0.2ms)


Started GET "/movies" for 127.0.0.1 at 2015-06-25 22:53:09 -0300
Processing by MoviesController#index as */*
  [1m[35mMovie Load (0.2ms)[0m  SELECT "movies".* FROM "movies"
  Rendered movies/index.html.haml within layouts/application (1.2ms)
Completed 200 OK in 28ms (Views: 27.5ms | ActiveRecord: 0.2ms)


Started GET "/movies" for 127.0.0.1 at 2015-06-25 22:53:09 -0300
Processing by MoviesController#index as */*
  [1m[36mMovie Load (0.2ms)[0m  [1mSELECT "movies".* FROM "movies"[0m
  Rendered movies/index.html.haml within layouts/application (1.3ms)
Completed 200 OK in 19ms (Views: 18.8ms | ActiveRecord: 0.2ms)


Started GET "/movies" for 127.0.0.1 at 2015-06-25 22:53:09 -0300
Processing by MoviesController#index as */*
  [1m[35mMovie Load (0.2ms)[0m  SELECT "movies".* FROM "movies"
  Rendered movies/index.html.haml within layouts/application (1.1ms)
Completed 200 OK in 17ms (Views: 16.2ms | ActiveRecord: 0.2ms)


Started GET "/movies" for 127.0.0.1 at 2015-06-25 22:53:09 -0300
Processing by MoviesController#index as */*
  [1m[36mMovie Load (0.2ms)[0m  [1mSELECT "movies".* FROM "movies"[0m
  Rendered movies/index.html.haml within layouts/application (1.1ms)
Completed 200 OK in 22ms (Views: 21.4ms | ActiveRecord: 0.2ms)


Started GET "/assets/rails.png" for 127.0.0.1 at 2015-06-25 22:53:36 -0300


Started GET "/movies/" for 127.0.0.1 at 2015-06-25 22:53:42 -0300
Processing by MoviesController#index as HTML
  [1m[35mMovie Load (7.5ms)[0m  SELECT "movies".* FROM "movies"
  Rendered movies/index.html.haml within layouts/application (14.2ms)
Completed 200 OK in 33ms (Views: 25.8ms | ActiveRecord: 7.5ms)


Started GET "/assets/application.self.css?body=1" for 127.0.0.1 at 2015-06-25 22:53:42 -0300


Started GET "/assets/jquery.self.js?body=1" for 127.0.0.1 at 2015-06-25 22:53:42 -0300


Started GET "/assets/jquery_ujs.self.js?body=1" for 127.0.0.1 at 2015-06-25 22:53:42 -0300


Started GET "/assets/application.self.js?body=1" for 127.0.0.1 at 2015-06-25 22:53:42 -0300
  [1m[36mActiveRecord::SchemaMigration Load (0.3ms)[0m  [1mSELECT "schema_migrations".* FROM "schema_migrations"[0m
  [1m[35mActiveRecord::SchemaMigration Load (0.2ms)[0m  SELECT "schema_migrations".* FROM "schema_migrations"
  [1m[36m (29.4ms)[0m  [1mCREATE TABLE "movies" ("id" INTEGER PRIMARY KEY AUTOINCREMENT NOT NULL, "title" varchar, "rating" varchar, "description" text, "release_date" datetime, "created_at" datetime, "updated_at" datetime) [0m
  [1m[35m (17.9ms)[0m  CREATE TABLE "schema_migrations" ("version" varchar NOT NULL) 
  [1m[36m (0.1ms)[0m  [1mselect sqlite_version(*)[0m
  [1m[35m (16.4ms)[0m  CREATE UNIQUE INDEX "unique_schema_migrations" ON "schema_migrations" ("version")
  [1m[36m (0.2ms)[0m  [1mSELECT version FROM "schema_migrations"[0m
  [1m[35m (16.2ms)[0m  INSERT INTO "schema_migrations" (version) VALUES ('20111119180638')
  [1m[36mActiveRecord::SchemaMigration Load (0.1ms)[0m  [1mSELECT "schema_migrations".* FROM "schema_migrations"[0m
  [1m[35mActiveRecord::SchemaMigration Load (0.1ms)[0m  SELECT "schema_migrations".* FROM "schema_migrations"
  [1m[36m (38.6ms)[0m  [1mCREATE TABLE "movies" ("id" INTEGER PRIMARY KEY AUTOINCREMENT NOT NULL, "title" varchar, "rating" varchar, "description" text, "release_date" datetime, "created_at" datetime, "updated_at" datetime) [0m
  [1m[35m (18.9ms)[0m  CREATE TABLE "schema_migrations" ("version" varchar NOT NULL) 
  [1m[36m (0.1ms)[0m  [1mselect sqlite_version(*)[0m
  [1m[35m (18.2ms)[0m  CREATE UNIQUE INDEX "unique_schema_migrations" ON "schema_migrations" ("version")
  [1m[36m (0.2ms)[0m  [1mSELECT version FROM "schema_migrations"[0m
  [1m[35m (18.8ms)[0m  INSERT INTO "schema_migrations" (version) VALUES ('20111119180638')
  [1m[36mActiveRecord::SchemaMigration Load (0.2ms)[0m  [1mSELECT "schema_migrations".* FROM "schema_migrations"[0m
  [1m[35mActiveRecord::SchemaMigration Load (0.1ms)[0m  SELECT "schema_migrations".* FROM "schema_migrations"
  [1m[36m (32.8ms)[0m  [1mCREATE TABLE "movies" ("id" INTEGER PRIMARY KEY AUTOINCREMENT NOT NULL, "title" varchar, "rating" varchar, "description" text, "release_date" datetime, "created_at" datetime, "updated_at" datetime) [0m
  [1m[35m (15.9ms)[0m  CREATE TABLE "schema_migrations" ("version" varchar NOT NULL) 
  [1m[36m (0.1ms)[0m  [1mselect sqlite_version(*)[0m
  [1m[35m (18.1ms)[0m  CREATE UNIQUE INDEX "unique_schema_migrations" ON "schema_migrations" ("version")
  [1m[36m (0.2ms)[0m  [1mSELECT version FROM "schema_migrations"[0m
  [1m[35m (17.1ms)[0m  INSERT INTO "schema_migrations" (version) VALUES ('20111119180638')
  [1m[36mActiveRecord::SchemaMigration Load (1.0ms)[0m  [1mSELECT "schema_migrations".* FROM "schema_migrations"[0m
  [1m[35mActiveRecord::SchemaMigration Load (0.2ms)[0m  SELECT "schema_migrations".* FROM "schema_migrations"
  [1m[36m (25.3ms)[0m  [1mCREATE TABLE "movies" ("id" INTEGER PRIMARY KEY AUTOINCREMENT NOT NULL, "title" varchar, "rating" varchar, "description" text, "release_date" datetime, "created_at" datetime, "updated_at" datetime) [0m
  [1m[35m (16.3ms)[0m  CREATE TABLE "schema_migrations" ("version" varchar NOT NULL) 
  [1m[36m (0.1ms)[0m  [1mselect sqlite_version(*)[0m
  [1m[35m (18.4ms)[0m  CREATE UNIQUE INDEX "unique_schema_migrations" ON "schema_migrations" ("version")
  [1m[36m (0.3ms)[0m  [1mSELECT version FROM "schema_migrations"[0m
  [1m[35m (24.4ms)[0m  INSERT INTO "schema_migrations" (version) VALUES ('20111119180638')
  [1m[36mActiveRecord::SchemaMigration Load (0.3ms)[0m  [1mSELECT "schema_migrations".* FROM "schema_migrations"[0m
  [1m[35mActiveRecord::SchemaMigration Load (0.2ms)[0m  SELECT "schema_migrations".* FROM "schema_migrations"
  [1m[36m (47.7ms)[0m  [1mCREATE TABLE "movies" ("id" INTEGER PRIMARY KEY AUTOINCREMENT NOT NULL, "title" varchar, "rating" varchar, "description" text, "release_date" datetime, "created_at" datetime, "updated_at" datetime) [0m
  [1m[35m (19.5ms)[0m  CREATE TABLE "schema_migrations" ("version" varchar NOT NULL) 
  [1m[36m (0.1ms)[0m  [1mselect sqlite_version(*)[0m
  [1m[35m (18.0ms)[0m  CREATE UNIQUE INDEX "unique_schema_migrations" ON "schema_migrations" ("version")
  [1m[36m (0.2ms)[0m  [1mSELECT version FROM "schema_migrations"[0m
  [1m[35m (18.6ms)[0m  INSERT INTO "schema_migrations" (version) VALUES ('20111119180638')
DEPRECATION WARNING: You didn't set `secret_key_base`. Read the upgrade documentation to learn more about this new config option. (called from service at /home/saasbook/.rvm/rubies/ruby-2.2.2/lib/ruby/2.2.0/webrick/httpserver.rb:138)


Started GET "/movies/" for 127.0.0.1 at 2015-06-30 16:03:47 -0300
Processing by MoviesController#index as HTML
  [1m[36mMovie Load (8.1ms)[0m  [1mSELECT "movies".* FROM "movies"[0m
  Rendered movies/index.html.haml within layouts/application (65.6ms)
Completed 200 OK in 557ms (Views: 545.3ms | ActiveRecord: 8.9ms)


Started GET "/assets/application.self.css?body=1" for 127.0.0.1 at 2015-06-30 16:03:48 -0300


Started GET "/assets/jquery_ujs.self.js?body=1" for 127.0.0.1 at 2015-06-30 16:03:48 -0300


Started GET "/assets/jquery.self.js?body=1" for 127.0.0.1 at 2015-06-30 16:03:48 -0300


Started GET "/assets/application.self.js?body=1" for 127.0.0.1 at 2015-06-30 16:03:48 -0300


Started GET "/assets/rails.png" for 127.0.0.1 at 2015-06-30 16:03:55 -0300


Started GET "/movies/" for 127.0.0.1 at 2015-06-30 16:03:59 -0300
Processing by MoviesController#index as HTML
  [1m[35mMovie Load (0.3ms)[0m  SELECT "movies".* FROM "movies"
  Rendered movies/index.html.haml within layouts/application (5.5ms)
Completed 200 OK in 43ms (Views: 42.1ms | ActiveRecord: 0.3ms)


Started GET "/assets/application.self.css?body=1" for 127.0.0.1 at 2015-06-30 16:03:59 -0300


Started GET "/assets/jquery_ujs.self.js?body=1" for 127.0.0.1 at 2015-06-30 16:03:59 -0300


Started GET "/assets/application.self.js?body=1" for 127.0.0.1 at 2015-06-30 16:03:59 -0300


Started GET "/assets/jquery.self.js?body=1" for 127.0.0.1 at 2015-06-30 16:03:59 -0300
  [1m[36mActiveRecord::SchemaMigration Load (0.2ms)[0m  [1mSELECT "schema_migrations".* FROM "schema_migrations"[0m
  [1m[35m (0.2ms)[0m  begin transaction
  [1m[36mSQL (2.3ms)[0m  [1mINSERT INTO "movies" ("title", "rating", "release_date", "created_at", "updated_at") VALUES (?, ?, ?, ?, ?)[0m  [["title", "Aladdin"], ["rating", "G"], ["release_date", "1992-11-25 00:00:00.000000"], ["created_at", "2015-06-30 19:04:27.717969"], ["updated_at", "2015-06-30 19:04:27.717969"]]
  [1m[35m (41.1ms)[0m  commit transaction
  [1m[36m (0.1ms)[0m  [1mbegin transaction[0m
  [1m[35mSQL (1.0ms)[0m  INSERT INTO "movies" ("title", "rating", "release_date", "created_at", "updated_at") VALUES (?, ?, ?, ?, ?)  [["title", "The Terminator"], ["rating", "R"], ["release_date", "1984-10-26 00:00:00.000000"], ["created_at", "2015-06-30 19:04:27.789158"], ["updated_at", "2015-06-30 19:04:27.789158"]]
  [1m[36m (21.3ms)[0m  [1mcommit transaction[0m
  [1m[35m (0.1ms)[0m  begin transaction
  [1m[36mSQL (0.4ms)[0m  [1mINSERT INTO "movies" ("title", "rating", "release_date", "created_at", "updated_at") VALUES (?, ?, ?, ?, ?)[0m  [["title", "When Harry Met Sally"], ["rating", "R"], ["release_date", "1989-07-21 00:00:00.000000"], ["created_at", "2015-06-30 19:04:27.814758"], ["updated_at", "2015-06-30 19:04:27.814758"]]
  [1m[35m (15.3ms)[0m  commit transaction
  [1m[36m (0.1ms)[0m  [1mbegin transaction[0m
  [1m[35mSQL (0.4ms)[0m  INSERT INTO "movies" ("title", "rating", "release_date", "created_at", "updated_at") VALUES (?, ?, ?, ?, ?)  [["title", "The Help"], ["rating", "PG-13"], ["release_date", "2011-08-10 00:00:00.000000"], ["created_at", "2015-06-30 19:04:27.832096"], ["updated_at", "2015-06-30 19:04:27.832096"]]
  [1m[36m (15.1ms)[0m  [1mcommit transaction[0m
  [1m[35m (0.1ms)[0m  begin transaction
  [1m[36mSQL (0.4ms)[0m  [1mINSERT INTO "movies" ("title", "rating", "release_date", "created_at", "updated_at") VALUES (?, ?, ?, ?, ?)[0m  [["title", "Chocolat"], ["rating", "PG-13"], ["release_date", "2001-01-05 00:00:00.000000"], ["created_at", "2015-06-30 19:04:27.849387"], ["updated_at", "2015-06-30 19:04:27.849387"]]
  [1m[35m (16.8ms)[0m  commit transaction
  [1m[36m (0.4ms)[0m  [1mbegin transaction[0m
  [1m[35mSQL (0.3ms)[0m  INSERT INTO "movies" ("title", "rating", "release_date", "created_at", "updated_at") VALUES (?, ?, ?, ?, ?)  [["title", "Amelie"], ["rating", "R"], ["release_date", "2001-04-25 00:00:00.000000"], ["created_at", "2015-06-30 19:04:27.868257"], ["updated_at", "2015-06-30 19:04:27.868257"]]
  [1m[36m (14.8ms)[0m  [1mcommit transaction[0m
  [1m[35m (0.1ms)[0m  begin transaction
  [1m[36mSQL (0.3ms)[0m  [1mINSERT INTO "movies" ("title", "rating", "release_date", "created_at", "updated_at") VALUES (?, ?, ?, ?, ?)[0m  [["title", "2001: A Space Odyssey"], ["rating", "G"], ["release_date", "1968-04-06 00:00:00.000000"], ["created_at", "2015-06-30 19:04:27.884627"], ["updated_at", "2015-06-30 19:04:27.884627"]]
  [1m[35m (15.7ms)[0m  commit transaction
  [1m[36m (0.1ms)[0m  [1mbegin transaction[0m
  [1m[35mSQL (0.5ms)[0m  INSERT INTO "movies" ("title", "rating", "release_date", "created_at", "updated_at") VALUES (?, ?, ?, ?, ?)  [["title", "The Incredibles"], ["rating", "PG"], ["release_date", "2004-11-05 00:00:00.000000"], ["created_at", "2015-06-30 19:04:27.902359"], ["updated_at", "2015-06-30 19:04:27.902359"]]
  [1m[36m (15.3ms)[0m  [1mcommit transaction[0m
  [1m[35m (0.1ms)[0m  begin transaction
  [1m[36mSQL (0.5ms)[0m  [1mINSERT INTO "movies" ("title", "rating", "release_date", "created_at", "updated_at") VALUES (?, ?, ?, ?, ?)[0m  [["title", "Raiders of the Lost Ark"], ["rating", "PG"], ["release_date", "1981-06-12 00:00:00.000000"], ["created_at", "2015-06-30 19:04:27.919733"], ["updated_at", "2015-06-30 19:04:27.919733"]]
  [1m[35m (15.4ms)[0m  commit transaction
  [1m[36m (0.1ms)[0m  [1mbegin transaction[0m
  [1m[35mSQL (0.3ms)[0m  INSERT INTO "movies" ("title", "rating", "release_date", "created_at", "updated_at") VALUES (?, ?, ?, ?, ?)  [["title", "Chicken Run"], ["rating", "G"], ["release_date", "2000-06-21 00:00:00.000000"], ["created_at", "2015-06-30 19:04:27.936979"], ["updated_at", "2015-06-30 19:04:27.936979"]]
  [1m[36m (16.5ms)[0m  [1mcommit transaction[0m
