Started GET "/movies" for ::1 at 2015-07-28 12:29:14 -0700
Processing by MoviesController#index as HTML
SQLite3::SQLException: no such table: movies: SELECT "movies".* FROM "movies"
  Rendered movies/index.html.haml within layouts/application (5.9ms)
Completed 500 Internal Server Error in 13ms (ActiveRecord: 0.5ms)

ActionView::Template::Error (SQLite3::SQLException: no such table: movies: SELECT "movies".* FROM "movies"):
     9:       %th Release Date
    10:       %th More Info
    11:   %tbody
    12:     - @movies.each do |movie|
    13:       %tr
    14:         %td= movie.title 
    15:         %td= movie.rating
  app/views/movies/index.html.haml:12:in `_app_views_movies_index_html_haml___3321482638312258822_70183352065600'


Started GET "/favicon.ico" for ::1 at 2015-07-28 12:29:14 -0700

ActionController::RoutingError (No route matches [GET] "/favicon.ico"):
  actionpack (4.2.1) lib/action_dispatch/middleware/debug_exceptions.rb:21:in `call'
  actionpack (4.2.1) lib/action_dispatch/middleware/show_exceptions.rb:30:in `call'
  railties (4.2.1) lib/rails/rack/logger.rb:38:in `call_app'
  railties (4.2.1) lib/rails/rack/logger.rb:20:in `block in call'
  activesupport (4.2.1) lib/active_support/tagged_logging.rb:68:in `block in tagged'
  activesupport (4.2.1) lib/active_support/tagged_logging.rb:26:in `tagged'
  activesupport (4.2.1) lib/active_support/tagged_logging.rb:68:in `tagged'
  railties (4.2.1) lib/rails/rack/logger.rb:20:in `call'
  actionpack (4.2.1) lib/action_dispatch/middleware/request_id.rb:21:in `call'
  rack (1.6.4) lib/rack/methodoverride.rb:22:in `call'
  rack (1.6.4) lib/rack/runtime.rb:18:in `call'
  activesupport (4.2.1) lib/active_support/cache/strategy/local_cache_middleware.rb:28:in `call'
  rack (1.6.4) lib/rack/sendfile.rb:113:in `call'
  railties (4.2.1) lib/rails/engine.rb:518:in `call'
  railties (4.2.1) lib/rails/application.rb:164:in `call'
  rack (1.6.4) lib/rack/lock.rb:17:in `call'
  rack (1.6.4) lib/rack/content_length.rb:15:in `call'
  rack (1.6.4) lib/rack/handler/webrick.rb:88:in `service'
  /Users/siddhantpuri/.rvm/rubies/ruby-2.2.2/lib/ruby/2.2.0/webrick/httpserver.rb:138:in `service'
  /Users/siddhantpuri/.rvm/rubies/ruby-2.2.2/lib/ruby/2.2.0/webrick/httpserver.rb:94:in `run'
  /Users/siddhantpuri/.rvm/rubies/ruby-2.2.2/lib/ruby/2.2.0/webrick/server.rb:294:in `block in start_thread'


Started GET "/movies" for ::1 at 2015-07-28 12:29:15 -0700
Processing by MoviesController#index as HTML
SQLite3::SQLException: no such table: movies: SELECT "movies".* FROM "movies"
  Rendered movies/index.html.haml within layouts/application (2.1ms)
Completed 500 Internal Server Error in 3ms (ActiveRecord: 0.4ms)

ActionView::Template::Error (SQLite3::SQLException: no such table: movies: SELECT "movies".* FROM "movies"):
     9:       %th Release Date
    10:       %th More Info
    11:   %tbody
    12:     - @movies.each do |movie|
    13:       %tr
    14:         %td= movie.title 
    15:         %td= movie.rating
  app/views/movies/index.html.haml:12:in `_app_views_movies_index_html_haml___3321482638312258822_70183352065600'


Started GET "/movies" for ::1 at 2015-07-28 12:29:15 -0700
Processing by MoviesController#index as HTML
SQLite3::SQLException: no such table: movies: SELECT "movies".* FROM "movies"
  Rendered movies/index.html.haml within layouts/application (2.1ms)
Completed 500 Internal Server Error in 3ms (ActiveRecord: 0.5ms)

ActionView::Template::Error (SQLite3::SQLException: no such table: movies: SELECT "movies".* FROM "movies"):
     9:       %th Release Date
    10:       %th More Info
    11:   %tbody
    12:     - @movies.each do |movie|
    13:       %tr
    14:         %td= movie.title 
    15:         %td= movie.rating
  app/views/movies/index.html.haml:12:in `_app_views_movies_index_html_haml___3321482638312258822_70183352065600'


Started GET "/movies" for ::1 at 2015-07-28 12:29:15 -0700
Processing by MoviesController#index as HTML
SQLite3::SQLException: no such table: movies: SELECT "movies".* FROM "movies"
  Rendered movies/index.html.haml within layouts/application (7.1ms)
Completed 500 Internal Server Error in 10ms (ActiveRecord: 0.5ms)

ActionView::Template::Error (SQLite3::SQLException: no such table: movies: SELECT "movies".* FROM "movies"):
     9:       %th Release Date
    10:       %th More Info
    11:   %tbody
    12:     - @movies.each do |movie|
    13:       %tr
    14:         %td= movie.title 
    15:         %td= movie.rating
  app/views/movies/index.html.haml:12:in `_app_views_movies_index_html_haml___3321482638312258822_70183352065600'


Started GET "/movies" for ::1 at 2015-07-28 12:29:16 -0700
Processing by MoviesController#index as HTML
SQLite3::SQLException: no such table: movies: SELECT "movies".* FROM "movies"
  Rendered movies/index.html.haml within layouts/application (3.6ms)
Completed 500 Internal Server Error in 6ms (ActiveRecord: 0.5ms)

ActionView::Template::Error (SQLite3::SQLException: no such table: movies: SELECT "movies".* FROM "movies"):
     9:       %th Release Date
    10:       %th More Info
    11:   %tbody
    12:     - @movies.each do |movie|
    13:       %tr
    14:         %td= movie.title 
    15:         %td= movie.rating
  app/views/movies/index.html.haml:12:in `_app_views_movies_index_html_haml___3321482638312258822_70183352065600'


Started GET "/movies" for ::1 at 2015-07-28 12:29:16 -0700
Processing by MoviesController#index as HTML
SQLite3::SQLException: no such table: movies: SELECT "movies".* FROM "movies"
  Rendered movies/index.html.haml within layouts/application (1.8ms)
Completed 500 Internal Server Error in 3ms (ActiveRecord: 0.2ms)

ActionView::Template::Error (SQLite3::SQLException: no such table: movies: SELECT "movies".* FROM "movies"):
     9:       %th Release Date
    10:       %th More Info
    11:   %tbody
    12:     - @movies.each do |movie|
    13:       %tr
    14:         %td= movie.title 
    15:         %td= movie.rating
  app/views/movies/index.html.haml:12:in `_app_views_movies_index_html_haml___3321482638312258822_70183352065600'


Started GET "/movies" for ::1 at 2015-07-28 12:29:17 -0700
Processing by MoviesController#index as HTML
SQLite3::SQLException: no such table: movies: SELECT "movies".* FROM "movies"
  Rendered movies/index.html.haml within layouts/application (5.1ms)
Completed 500 Internal Server Error in 8ms (ActiveRecord: 0.5ms)

ActionView::Template::Error (SQLite3::SQLException: no such table: movies: SELECT "movies".* FROM "movies"):
     9:       %th Release Date
    10:       %th More Info
    11:   %tbody
    12:     - @movies.each do |movie|
    13:       %tr
    14:         %td= movie.title 
    15:         %td= movie.rating
  app/views/movies/index.html.haml:12:in `_app_views_movies_index_html_haml___3321482638312258822_70183352065600'


Started GET "/movies" for ::1 at 2015-07-28 12:29:17 -0700
Processing by MoviesController#index as HTML
SQLite3::SQLException: no such table: movies: SELECT "movies".* FROM "movies"
  Rendered movies/index.html.haml within layouts/application (2.0ms)
Completed 500 Internal Server Error in 3ms (ActiveRecord: 0.2ms)

ActionView::Template::Error (SQLite3::SQLException: no such table: movies: SELECT "movies".* FROM "movies"):
     9:       %th Release Date
    10:       %th More Info
    11:   %tbody
    12:     - @movies.each do |movie|
    13:       %tr
    14:         %td= movie.title 
    15:         %td= movie.rating
  app/views/movies/index.html.haml:12:in `_app_views_movies_index_html_haml___3321482638312258822_70183352065600'


Started GET "/movies" for ::1 at 2015-07-28 12:29:17 -0700
Processing by MoviesController#index as HTML
SQLite3::SQLException: no such table: movies: SELECT "movies".* FROM "movies"
  Rendered movies/index.html.haml within layouts/application (4.8ms)
Completed 500 Internal Server Error in 6ms (ActiveRecord: 1.1ms)

ActionView::Template::Error (SQLite3::SQLException: no such table: movies: SELECT "movies".* FROM "movies"):
     9:       %th Release Date
    10:       %th More Info
    11:   %tbody
    12:     - @movies.each do |movie|
    13:       %tr
    14:         %td= movie.title 
    15:         %td= movie.rating
  app/views/movies/index.html.haml:12:in `_app_views_movies_index_html_haml___3321482638312258822_70183352065600'


Started GET "/movies" for ::1 at 2015-07-28 12:29:18 -0700
Processing by MoviesController#index as HTML
SQLite3::SQLException: no such table: movies: SELECT "movies".* FROM "movies"
  Rendered movies/index.html.haml within layouts/application (3.4ms)
Completed 500 Internal Server Error in 4ms (ActiveRecord: 0.6ms)

ActionView::Template::Error (SQLite3::SQLException: no such table: movies: SELECT "movies".* FROM "movies"):
     9:       %th Release Date
    10:       %th More Info
    11:   %tbody
    12:     - @movies.each do |movie|
    13:       %tr
    14:         %td= movie.title 
    15:         %td= movie.rating
  app/views/movies/index.html.haml:12:in `_app_views_movies_index_html_haml___3321482638312258822_70183352065600'


